This file contains any messages produced by compilers while
running configure, to aid debugging if configure makes a mistake.

It was created by configure, which was
generated by GNU Autoconf 2.64.  Invocation command line was

  $ ./configure 

## --------- ##
## Platform. ##
## --------- ##

hostname = ubuntu
uname -m = x86_64
uname -r = 4.2.0-22-generic
uname -s = Linux
uname -v = #27-Ubuntu SMP Thu Dec 17 22:57:08 UTC 2015

/usr/bin/uname -p = unknown
/bin/uname -X     = unknown

/bin/arch              = unknown
/usr/bin/arch -k       = unknown
/usr/convex/getsysinfo = unknown
/usr/bin/hostinfo      = unknown
/bin/machine           = unknown
/usr/bin/oslevel       = unknown
/bin/universe          = unknown

PATH: /root/.nvm/versions/node/v7.9.0/bin
PATH: /usr/local/rvm/gems/ruby-2.1.5/bin
PATH: /usr/local/rvm/gems/ruby-2.1.5@global/bin
PATH: /usr/local/rvm/rubies/ruby-2.1.5/bin
PATH: /usr/local/sbin
PATH: /usr/local/bin
PATH: /usr/sbin
PATH: /usr/bin
PATH: /sbin
PATH: /bin
PATH: /usr/games
PATH: /usr/local/games
PATH: /opt/woobuntu/arachni/bin
PATH: /usr/local/rvm/bin


## ----------- ##
## Core tests. ##
## ----------- ##

configure:2528: checking whether to enable maintainer-specific portions of Makefiles
configure:2537: result: no
configure:2599: checking for gcc
configure:2615: found /usr/bin/gcc
configure:2626: result: gcc
configure:2855: checking for C compiler version
configure:2864: gcc --version >&5
gcc (Ubuntu 5.2.1-22ubuntu2) 5.2.1 20151010
Copyright (C) 2015 Free Software Foundation, Inc.
This is free software; see the source for copying conditions.  There is NO
warranty; not even for MERCHANTABILITY or FITNESS FOR A PARTICULAR PURPOSE.

configure:2875: $? = 0
configure:2864: gcc -v >&5
Using built-in specs.
COLLECT_GCC=gcc
COLLECT_LTO_WRAPPER=/usr/lib/gcc/x86_64-linux-gnu/5/lto-wrapper
Target: x86_64-linux-gnu
Configured with: ../src/configure -v --with-pkgversion='Ubuntu 5.2.1-22ubuntu2' --with-bugurl=file:///usr/share/doc/gcc-5/README.Bugs --enable-languages=c,ada,c++,java,go,d,fortran,objc,obj-c++ --prefix=/usr --program-suffix=-5 --enable-shared --enable-linker-build-id --libexecdir=/usr/lib --without-included-gettext --enable-threads=posix --libdir=/usr/lib --enable-nls --with-sysroot=/ --enable-clocale=gnu --enable-libstdcxx-debug --enable-libstdcxx-time=yes --with-default-libstdcxx-abi=new --enable-gnu-unique-object --disable-vtable-verify --enable-libmpx --enable-plugin --with-system-zlib --disable-browser-plugin --enable-java-awt=gtk --enable-gtk-cairo --with-java-home=/usr/lib/jvm/java-1.5.0-gcj-5-amd64/jre --enable-java-home --with-jvm-root-dir=/usr/lib/jvm/java-1.5.0-gcj-5-amd64 --with-jvm-jar-dir=/usr/lib/jvm-exports/java-1.5.0-gcj-5-amd64 --with-arch-directory=amd64 --with-ecj-jar=/usr/share/java/eclipse-ecj.jar --enable-objc-gc --enable-multiarch --disable-werror --with-arch-32=i686 --with-abi=m64 --with-multilib-list=m32,m64,mx32 --enable-multilib --with-tune=generic --enable-checking=release --build=x86_64-linux-gnu --host=x86_64-linux-gnu --target=x86_64-linux-gnu
Thread model: posix
gcc version 5.2.1 20151010 (Ubuntu 5.2.1-22ubuntu2) 
configure:2875: $? = 0
configure:2864: gcc -V >&5
gcc: error: unrecognized command line option '-V'
gcc: fatal error: no input files
compilation terminated.
configure:2875: $? = 1
configure:2864: gcc -qversion >&5
gcc: error: unrecognized command line option '-qversion'
gcc: fatal error: no input files
compilation terminated.
configure:2875: $? = 1
configure:2895: checking for C compiler default output file name
configure:2917: gcc    conftest.c  >&5
configure:2921: $? = 0
configure:2958: result: a.out
configure:2974: checking whether the C compiler works
configure:2983: ./a.out
configure:2987: $? = 0
configure:3002: result: yes
configure:3009: checking whether we are cross compiling
configure:3011: result: no
configure:3014: checking for suffix of executables
configure:3021: gcc -o conftest    conftest.c  >&5
configure:3025: $? = 0
configure:3047: result: 
configure:3053: checking for suffix of object files
configure:3075: gcc -c   conftest.c >&5
configure:3079: $? = 0
configure:3100: result: o
configure:3104: checking whether we are using the GNU C compiler
configure:3123: gcc -c   conftest.c >&5
configure:3123: $? = 0
configure:3132: result: yes
configure:3141: checking whether gcc accepts -g
configure:3161: gcc -c -g  conftest.c >&5
configure:3161: $? = 0
configure:3202: result: yes
configure:3219: checking for gcc option to accept ISO C89
configure:3283: gcc  -c -g -O2  conftest.c >&5
configure:3283: $? = 0
configure:3296: result: none needed
configure:3374: checking for g++
configure:3390: found /usr/bin/g++
configure:3401: result: g++
configure:3428: checking for C++ compiler version
configure:3437: g++ --version >&5
g++ (Ubuntu 5.2.1-22ubuntu2) 5.2.1 20151010
Copyright (C) 2015 Free Software Foundation, Inc.
This is free software; see the source for copying conditions.  There is NO
warranty; not even for MERCHANTABILITY or FITNESS FOR A PARTICULAR PURPOSE.

configure:3448: $? = 0
configure:3437: g++ -v >&5
Using built-in specs.
COLLECT_GCC=g++
COLLECT_LTO_WRAPPER=/usr/lib/gcc/x86_64-linux-gnu/5/lto-wrapper
Target: x86_64-linux-gnu
Configured with: ../src/configure -v --with-pkgversion='Ubuntu 5.2.1-22ubuntu2' --with-bugurl=file:///usr/share/doc/gcc-5/README.Bugs --enable-languages=c,ada,c++,java,go,d,fortran,objc,obj-c++ --prefix=/usr --program-suffix=-5 --enable-shared --enable-linker-build-id --libexecdir=/usr/lib --without-included-gettext --enable-threads=posix --libdir=/usr/lib --enable-nls --with-sysroot=/ --enable-clocale=gnu --enable-libstdcxx-debug --enable-libstdcxx-time=yes --with-default-libstdcxx-abi=new --enable-gnu-unique-object --disable-vtable-verify --enable-libmpx --enable-plugin --with-system-zlib --disable-browser-plugin --enable-java-awt=gtk --enable-gtk-cairo --with-java-home=/usr/lib/jvm/java-1.5.0-gcj-5-amd64/jre --enable-java-home --with-jvm-root-dir=/usr/lib/jvm/java-1.5.0-gcj-5-amd64 --with-jvm-jar-dir=/usr/lib/jvm-exports/java-1.5.0-gcj-5-amd64 --with-arch-directory=amd64 --with-ecj-jar=/usr/share/java/eclipse-ecj.jar --enable-objc-gc --enable-multiarch --disable-werror --with-arch-32=i686 --with-abi=m64 --with-multilib-list=m32,m64,mx32 --enable-multilib --with-tune=generic --enable-checking=release --build=x86_64-linux-gnu --host=x86_64-linux-gnu --target=x86_64-linux-gnu
Thread model: posix
gcc version 5.2.1 20151010 (Ubuntu 5.2.1-22ubuntu2) 
configure:3448: $? = 0
configure:3437: g++ -V >&5
g++: error: unrecognized command line option '-V'
g++: fatal error: no input files
compilation terminated.
configure:3448: $? = 1
configure:3437: g++ -qversion >&5
g++: error: unrecognized command line option '-qversion'
g++: fatal error: no input files
compilation terminated.
configure:3448: $? = 1
configure:3452: checking whether we are using the GNU C++ compiler
configure:3471: g++ -c   conftest.cpp >&5
configure:3471: $? = 0
configure:3480: result: yes
configure:3489: checking whether g++ accepts -g
configure:3509: g++ -c -g  conftest.cpp >&5
configure:3509: $? = 0
configure:3550: result: yes
configure:3579: checking how to run the C preprocessor
configure:3610: gcc -E  conftest.c
configure:3610: $? = 0
configure:3624: gcc -E  conftest.c
conftest.c:9:28: fatal error: ac_nonexistent.h: No such file or directory
compilation terminated.
configure:3624: $? = 1
configure: failed program was:
| /* confdefs.h */
| #define PACKAGE_NAME ""
| #define PACKAGE_TARNAME ""
| #define PACKAGE_VERSION ""
| #define PACKAGE_STRING ""
| #define PACKAGE_BUGREPORT ""
| #define PACKAGE_URL ""
| /* end confdefs.h.  */
| #include <ac_nonexistent.h>
configure:3649: result: gcc -E
configure:3669: gcc -E  conftest.c
configure:3669: $? = 0
configure:3683: gcc -E  conftest.c
conftest.c:9:28: fatal error: ac_nonexistent.h: No such file or directory
compilation terminated.
configure:3683: $? = 1
configure: failed program was:
| /* confdefs.h */
| #define PACKAGE_NAME ""
| #define PACKAGE_TARNAME ""
| #define PACKAGE_VERSION ""
| #define PACKAGE_STRING ""
| #define PACKAGE_BUGREPORT ""
| #define PACKAGE_URL ""
| /* end confdefs.h.  */
| #include <ac_nonexistent.h>
configure:3712: checking for grep that handles long lines and -e
configure:3770: result: /bin/grep
configure:3775: checking for egrep
configure:3837: result: /bin/grep -E
configure:3842: checking for ANSI C header files
configure:3862: gcc -c -g -O2  conftest.c >&5
configure:3862: $? = 0
configure:3935: gcc -o conftest -g -O2   conftest.c  >&5
configure:3935: $? = 0
configure:3935: ./conftest
configure:3935: $? = 0
configure:3946: result: yes
configure:3959: checking for sys/types.h
configure:3959: gcc -c -g -O2  conftest.c >&5
configure:3959: $? = 0
configure:3959: result: yes
configure:3959: checking for sys/stat.h
configure:3959: gcc -c -g -O2  conftest.c >&5
configure:3959: $? = 0
configure:3959: result: yes
configure:3959: checking for stdlib.h
configure:3959: gcc -c -g -O2  conftest.c >&5
configure:3959: $? = 0
configure:3959: result: yes
configure:3959: checking for string.h
configure:3959: gcc -c -g -O2  conftest.c >&5
configure:3959: $? = 0
configure:3959: result: yes
configure:3959: checking for memory.h
configure:3959: gcc -c -g -O2  conftest.c >&5
configure:3959: $? = 0
configure:3959: result: yes
configure:3959: checking for strings.h
configure:3959: gcc -c -g -O2  conftest.c >&5
configure:3959: $? = 0
configure:3959: result: yes
configure:3959: checking for inttypes.h
configure:3959: gcc -c -g -O2  conftest.c >&5
configure:3959: $? = 0
configure:3959: result: yes
configure:3959: checking for stdint.h
configure:3959: gcc -c -g -O2  conftest.c >&5
configure:3959: $? = 0
configure:3959: result: yes
configure:3959: checking for unistd.h
configure:3959: gcc -c -g -O2  conftest.c >&5
configure:3959: $? = 0
configure:3959: result: yes
configure:3973: checking minix/config.h usability
configure:3973: gcc -c -g -O2  conftest.c >&5
conftest.c:52:26: fatal error: minix/config.h: No such file or directory
compilation terminated.
configure:3973: $? = 1
configure: failed program was:
| /* confdefs.h */
| #define PACKAGE_NAME ""
| #define PACKAGE_TARNAME ""
| #define PACKAGE_VERSION ""
| #define PACKAGE_STRING ""
| #define PACKAGE_BUGREPORT ""
| #define PACKAGE_URL ""
| #define STDC_HEADERS 1
| #define HAVE_SYS_TYPES_H 1
| #define HAVE_SYS_STAT_H 1
| #define HAVE_STDLIB_H 1
| #define HAVE_STRING_H 1
| #define HAVE_MEMORY_H 1
| #define HAVE_STRINGS_H 1
| #define HAVE_INTTYPES_H 1
| #define HAVE_STDINT_H 1
| #define HAVE_UNISTD_H 1
| /* end confdefs.h.  */
| #include <stdio.h>
| #ifdef HAVE_SYS_TYPES_H
| # include <sys/types.h>
| #endif
| #ifdef HAVE_SYS_STAT_H
| # include <sys/stat.h>
| #endif
| #ifdef STDC_HEADERS
| # include <stdlib.h>
| # include <stddef.h>
| #else
| # ifdef HAVE_STDLIB_H
| #  include <stdlib.h>
| # endif
| #endif
| #ifdef HAVE_STRING_H
| # if !defined STDC_HEADERS && defined HAVE_MEMORY_H
| #  include <memory.h>
| # endif
| # include <string.h>
| #endif
| #ifdef HAVE_STRINGS_H
| # include <strings.h>
| #endif
| #ifdef HAVE_INTTYPES_H
| # include <inttypes.h>
| #endif
| #ifdef HAVE_STDINT_H
| # include <stdint.h>
| #endif
| #ifdef HAVE_UNISTD_H
| # include <unistd.h>
| #endif
| #include <minix/config.h>
configure:3973: result: no
configure:3973: checking minix/config.h presence
configure:3973: gcc -E  conftest.c
conftest.c:19:26: fatal error: minix/config.h: No such file or directory
compilation terminated.
configure:3973: $? = 1
configure: failed program was:
| /* confdefs.h */
| #define PACKAGE_NAME ""
| #define PACKAGE_TARNAME ""
| #define PACKAGE_VERSION ""
| #define PACKAGE_STRING ""
| #define PACKAGE_BUGREPORT ""
| #define PACKAGE_URL ""
| #define STDC_HEADERS 1
| #define HAVE_SYS_TYPES_H 1
| #define HAVE_SYS_STAT_H 1
| #define HAVE_STDLIB_H 1
| #define HAVE_STRING_H 1
| #define HAVE_MEMORY_H 1
| #define HAVE_STRINGS_H 1
| #define HAVE_INTTYPES_H 1
| #define HAVE_STDINT_H 1
| #define HAVE_UNISTD_H 1
| /* end confdefs.h.  */
| #include <minix/config.h>
configure:3973: result: no
configure:3973: checking for minix/config.h
configure:3973: result: no
configure:3994: checking whether it is safe to define __EXTENSIONS__
configure:4012: gcc -c -g -O2  conftest.c >&5
configure:4012: $? = 0
configure:4019: result: yes
configure:4041: checking for special C compiler options needed for large files
configure:4086: result: no
configure:4092: checking for _FILE_OFFSET_BITS value needed for large files
configure:4117: gcc -c -g -O2  conftest.c >&5
configure:4117: $? = 0
configure:4149: result: no
configure:4260: checking build system type
configure:4274: result: x86_64-pc-linux-gnu
configure:4294: checking host system type
configure:4307: result: x86_64-pc-linux-gnu
configure:4327: checking target system type
configure:4340: result: x86_64-pc-linux-gnu
configure:4382: checking for a BSD-compatible install
configure:4450: result: /usr/bin/install -c
configure:4504: checking for ar
configure:4520: found /usr/bin/ar
configure:4531: result: ar
configure:4596: checking for ranlib
configure:4612: found /usr/bin/ranlib
configure:4623: result: ranlib
configure:4668: checking whether g++ supports C++11 features by default
configure:4962: g++ -c -g -O2  conftest.cpp >&5
conftest.cpp:35:2: error: #error "This is not a C++11 compiler"
 #error "This is not a C++11 compiler"
  ^
configure:4962: $? = 1
configure: failed program was:
| /* confdefs.h */
| #define PACKAGE_NAME ""
| #define PACKAGE_TARNAME ""
| #define PACKAGE_VERSION ""
| #define PACKAGE_STRING ""
| #define PACKAGE_BUGREPORT ""
| #define PACKAGE_URL ""
| #define STDC_HEADERS 1
| #define HAVE_SYS_TYPES_H 1
| #define HAVE_SYS_STAT_H 1
| #define HAVE_STDLIB_H 1
| #define HAVE_STRING_H 1
| #define HAVE_MEMORY_H 1
| #define HAVE_STRINGS_H 1
| #define HAVE_INTTYPES_H 1
| #define HAVE_STDINT_H 1
| #define HAVE_UNISTD_H 1
| #define __EXTENSIONS__ 1
| #define _ALL_SOURCE 1
| #define _GNU_SOURCE 1
| #define _POSIX_PTHREAD_SEMANTICS 1
| #define _TANDEM_SOURCE 1
| /* end confdefs.h.  */
| 
| 
| // If the compiler admits that it is not ready for C++11, why torture it?
| // Hopefully, this will speed up the test.
| 
| #ifndef __cplusplus
| 
| #error "This is not a C++ compiler"
| 
| #elif __cplusplus < 201103L
| 
| #error "This is not a C++11 compiler"
| 
| #else
| 
| namespace cxx11
| {
| 
|   namespace test_static_assert
|   {
| 
|     template <typename T>
|     struct check
|     {
|       static_assert(sizeof(int) <= sizeof(T), "not big enough");
|     };
| 
|   }
| 
|   namespace test_final_override
|   {
| 
|     struct Base
|     {
|       virtual void f() {}
|     };
| 
|     struct Derived : public Base
|     {
|       virtual void f() override {}
|     };
| 
|   }
| 
|   namespace test_double_right_angle_brackets
|   {
| 
|     template < typename T >
|     struct check {};
| 
|     typedef check<void> single_type;
|     typedef check<check<void>> double_type;
|     typedef check<check<check<void>>> triple_type;
|     typedef check<check<check<check<void>>>> quadruple_type;
| 
|   }
| 
|   namespace test_decltype
|   {
| 
|     int
|     f()
|     {
|       int a = 1;
|       decltype(a) b = 2;
|       return a + b;
|     }
| 
|   }
| 
|   namespace test_type_deduction
|   {
| 
|     template < typename T1, typename T2 >
|     struct is_same
|     {
|       static const bool value = false;
|     };
| 
|     template < typename T >
|     struct is_same<T, T>
|     {
|       static const bool value = true;
|     };
| 
|     template < typename T1, typename T2 >
|     auto
|     add(T1 a1, T2 a2) -> decltype(a1 + a2)
|     {
|       return a1 + a2;
|     }
| 
|     int
|     test(const int c, volatile int v)
|     {
|       static_assert(is_same<int, decltype(0)>::value == true, "");
|       static_assert(is_same<int, decltype(c)>::value == false, "");
|       static_assert(is_same<int, decltype(v)>::value == false, "");
|       auto ac = c;
|       auto av = v;
|       auto sumi = ac + av + 'x';
|       auto sumf = ac + av + 1.0;
|       static_assert(is_same<int, decltype(ac)>::value == true, "");
|       static_assert(is_same<int, decltype(av)>::value == true, "");
|       static_assert(is_same<int, decltype(sumi)>::value == true, "");
|       static_assert(is_same<int, decltype(sumf)>::value == false, "");
|       static_assert(is_same<int, decltype(add(c, v))>::value == true, "");
|       return (sumf > 0.0) ? sumi : add(c, v);
|     }
| 
|   }
| 
|   namespace test_noexcept
|   {
| 
|     int f() { return 0; }
|     int g() noexcept { return 0; }
| 
|     static_assert(noexcept(f()) == false, "");
|     static_assert(noexcept(g()) == true, "");
| 
|   }
| 
|   namespace test_constexpr
|   {
| 
|     template < typename CharT >
|     unsigned long constexpr
|     strlen_c_r(const CharT *const s, const unsigned long acc) noexcept
|     {
|       return *s ? strlen_c_r(s + 1, acc + 1) : acc;
|     }
| 
|     template < typename CharT >
|     unsigned long constexpr
|     strlen_c(const CharT *const s) noexcept
|     {
|       return strlen_c_r(s, 0UL);
|     }
| 
|     static_assert(strlen_c("") == 0UL, "");
|     static_assert(strlen_c("1") == 1UL, "");
|     static_assert(strlen_c("example") == 7UL, "");
|     static_assert(strlen_c("another\0example") == 7UL, "");
| 
|   }
| 
|   namespace test_rvalue_references
|   {
| 
|     template < int N >
|     struct answer
|     {
|       static constexpr int value = N;
|     };
| 
|     answer<1> f(int&)       { return answer<1>(); }
|     answer<2> f(const int&) { return answer<2>(); }
|     answer<3> f(int&&)      { return answer<3>(); }
| 
|     void
|     test()
|     {
|       int i = 0;
|       const int c = 0;
|       static_assert(decltype(f(i))::value == 1, "");
|       static_assert(decltype(f(c))::value == 2, "");
|       static_assert(decltype(f(0))::value == 3, "");
|     }
| 
|   }
| 
|   namespace test_uniform_initialization
|   {
| 
|     struct test
|     {
|       static const int zero {};
|       static const int one {1};
|     };
| 
|     static_assert(test::zero == 0, "");
|     static_assert(test::one == 1, "");
| 
|   }
| 
|   namespace test_lambdas
|   {
| 
|     void
|     test1()
|     {
|       auto lambda1 = [](){};
|       auto lambda2 = lambda1;
|       lambda1();
|       lambda2();
|     }
| 
|     int
|     test2()
|     {
|       auto a = [](int i, int j){ return i + j; }(1, 2);
|       auto b = []() -> int { return '0'; }();
|       auto c = [=](){ return a + b; }();
|       auto d = [&](){ return c; }();
|       auto e = [a, &b](int x) mutable {
|         const auto identity = [](int y){ return y; };
|         for (auto i = 0; i < a; ++i)
|           a += b--;
|         return x + identity(a + b);
|       }(0);
|       return a + b + c + d + e;
|     }
| 
|     int
|     test3()
|     {
|       const auto nullary = [](){ return 0; };
|       const auto unary = [](int x){ return x; };
|       using nullary_t = decltype(nullary);
|       using unary_t = decltype(unary);
|       const auto higher1st = [](nullary_t f){ return f(); };
|       const auto higher2nd = [unary](nullary_t f1){
|         return [unary, f1](unary_t f2){ return f2(unary(f1())); };
|       };
|       return higher1st(nullary) + higher2nd(nullary)(unary);
|     }
| 
|   }
| 
|   namespace test_variadic_templates
|   {
| 
|     template <int...>
|     struct sum;
| 
|     template <int N0, int... N1toN>
|     struct sum<N0, N1toN...>
|     {
|       static constexpr auto value = N0 + sum<N1toN...>::value;
|     };
| 
|     template <>
|     struct sum<>
|     {
|       static constexpr auto value = 0;
|     };
| 
|     static_assert(sum<>::value == 0, "");
|     static_assert(sum<1>::value == 1, "");
|     static_assert(sum<23>::value == 23, "");
|     static_assert(sum<1, 2>::value == 3, "");
|     static_assert(sum<5, 5, 11>::value == 21, "");
|     static_assert(sum<2, 3, 5, 7, 11, 13>::value == 41, "");
| 
|   }
| 
|   // http://stackoverflow.com/questions/13728184/template-aliases-and-sfinae
|   // Clang 3.1 fails with headers of libstd++ 4.8.3 when using std::function
|   // because of this.
|   namespace test_template_alias_sfinae
|   {
| 
|     struct foo {};
| 
|     template<typename T>
|     using member = typename T::member_type;
| 
|     template<typename T>
|     void func(...) {}
| 
|     template<typename T>
|     void func(member<T>*) {}
| 
|     void test();
| 
|     void test() { func<foo>(0); }
| 
|   }
| 
| }  // namespace cxx11
| 
| #endif  // __cplusplus >= 201103L
| 
| 
| 
configure:4969: result: no
configure:4978: checking whether g++ supports C++11 features with -std=gnu++11
configure:5274: g++ -std=gnu++11 -c -g -O2  conftest.cpp >&5
configure:5274: $? = 0
configure:5283: result: yes
configure:5635: checking for ANSI C header files
configure:5739: result: yes
configure:5854: checking dependency style of gcc
configure:5885: trying gcc3
| depmode=gcc3 source=sub/conftest.c object=sub/conftest.o depfile=sub/conftest.Po tmpdepfile=sub/conftest.TPo /bin/bash ./depcomp gcc -c -o sub/conftest.o sub/conftest.c
configure:5924: success
configure:5939: result: gcc3
configure:6025: === configuring in build-gnulib-gdbserver (/root/Desktop/ctf_task/ncstisc2017/pwn2/gdb-8.0/gdb/gdbserver/build-gnulib-gdbserver)
configure:6052: running /bin/bash .././../gnulib/configure --disable-option-checking '--prefix=NONE'  --cache-file=/dev/null --srcdir=.././../gnulib
configure:6128: === configuring in build-libiberty-gdbserver (/root/Desktop/ctf_task/ncstisc2017/pwn2/gdb-8.0/gdb/gdbserver/build-libiberty-gdbserver)
configure:6155: running /bin/bash .././../../libiberty/configure --disable-option-checking '--prefix=NONE'  --cache-file=/dev/null --srcdir=.././../../libiberty
configure:6168: checking sgtty.h usability
configure:6168: gcc -c -g -O2  conftest.c >&5
configure:6168: $? = 0
configure:6168: result: yes
configure:6168: checking sgtty.h presence
configure:6168: gcc -E  conftest.c
configure:6168: $? = 0
configure:6168: result: yes
configure:6168: checking for sgtty.h
configure:6168: result: yes
configure:6168: checking termio.h usability
configure:6168: gcc -c -g -O2  conftest.c >&5
configure:6168: $? = 0
configure:6168: result: yes
configure:6168: checking termio.h presence
configure:6168: gcc -E  conftest.c
configure:6168: $? = 0
configure:6168: result: yes
configure:6168: checking for termio.h
configure:6168: result: yes
configure:6168: checking termios.h usability
configure:6168: gcc -c -g -O2  conftest.c >&5
configure:6168: $? = 0
configure:6168: result: yes
configure:6168: checking termios.h presence
configure:6168: gcc -E  conftest.c
configure:6168: $? = 0
configure:6168: result: yes
configure:6168: checking for termios.h
configure:6168: result: yes
configure:6168: checking sys/reg.h usability
configure:6168: gcc -c -g -O2  conftest.c >&5
configure:6168: $? = 0
configure:6168: result: yes
configure:6168: checking sys/reg.h presence
configure:6168: gcc -E  conftest.c
configure:6168: $? = 0
configure:6168: result: yes
configure:6168: checking for sys/reg.h
configure:6168: result: yes
configure:6168: checking for string.h
configure:6168: result: yes
configure:6168: checking proc_service.h usability
configure:6168: gcc -c -g -O2  conftest.c >&5
conftest.c:64:26: fatal error: proc_service.h: No such file or directory
compilation terminated.
configure:6168: $? = 1
configure: failed program was:
| /* confdefs.h */
| #define PACKAGE_NAME ""
| #define PACKAGE_TARNAME ""
| #define PACKAGE_VERSION ""
| #define PACKAGE_STRING ""
| #define PACKAGE_BUGREPORT ""
| #define PACKAGE_URL ""
| #define STDC_HEADERS 1
| #define HAVE_SYS_TYPES_H 1
| #define HAVE_SYS_STAT_H 1
| #define HAVE_STDLIB_H 1
| #define HAVE_STRING_H 1
| #define HAVE_MEMORY_H 1
| #define HAVE_STRINGS_H 1
| #define HAVE_INTTYPES_H 1
| #define HAVE_STDINT_H 1
| #define HAVE_UNISTD_H 1
| #define __EXTENSIONS__ 1
| #define _ALL_SOURCE 1
| #define _GNU_SOURCE 1
| #define _POSIX_PTHREAD_SEMANTICS 1
| #define _TANDEM_SOURCE 1
| #define HAVE_CXX11 1
| #define STDC_HEADERS 1
| #define HAVE_SGTTY_H 1
| #define HAVE_TERMIO_H 1
| #define HAVE_TERMIOS_H 1
| #define HAVE_SYS_REG_H 1
| #define HAVE_STRING_H 1
| /* end confdefs.h.  */
| #include <stdio.h>
| #ifdef HAVE_SYS_TYPES_H
| # include <sys/types.h>
| #endif
| #ifdef HAVE_SYS_STAT_H
| # include <sys/stat.h>
| #endif
| #ifdef STDC_HEADERS
| # include <stdlib.h>
| # include <stddef.h>
| #else
| # ifdef HAVE_STDLIB_H
| #  include <stdlib.h>
| # endif
| #endif
| #ifdef HAVE_STRING_H
| # if !defined STDC_HEADERS && defined HAVE_MEMORY_H
| #  include <memory.h>
| # endif
| # include <string.h>
| #endif
| #ifdef HAVE_STRINGS_H
| # include <strings.h>
| #endif
| #ifdef HAVE_INTTYPES_H
| # include <inttypes.h>
| #endif
| #ifdef HAVE_STDINT_H
| # include <stdint.h>
| #endif
| #ifdef HAVE_UNISTD_H
| # include <unistd.h>
| #endif
| #include <proc_service.h>
configure:6168: result: no
configure:6168: checking proc_service.h presence
configure:6168: gcc -E  conftest.c
conftest.c:31:26: fatal error: proc_service.h: No such file or directory
compilation terminated.
configure:6168: $? = 1
configure: failed program was:
| /* confdefs.h */
| #define PACKAGE_NAME ""
| #define PACKAGE_TARNAME ""
| #define PACKAGE_VERSION ""
| #define PACKAGE_STRING ""
| #define PACKAGE_BUGREPORT ""
| #define PACKAGE_URL ""
| #define STDC_HEADERS 1
| #define HAVE_SYS_TYPES_H 1
| #define HAVE_SYS_STAT_H 1
| #define HAVE_STDLIB_H 1
| #define HAVE_STRING_H 1
| #define HAVE_MEMORY_H 1
| #define HAVE_STRINGS_H 1
| #define HAVE_INTTYPES_H 1
| #define HAVE_STDINT_H 1
| #define HAVE_UNISTD_H 1
| #define __EXTENSIONS__ 1
| #define _ALL_SOURCE 1
| #define _GNU_SOURCE 1
| #define _POSIX_PTHREAD_SEMANTICS 1
| #define _TANDEM_SOURCE 1
| #define HAVE_CXX11 1
| #define STDC_HEADERS 1
| #define HAVE_SGTTY_H 1
| #define HAVE_TERMIO_H 1
| #define HAVE_TERMIOS_H 1
| #define HAVE_SYS_REG_H 1
| #define HAVE_STRING_H 1
| /* end confdefs.h.  */
| #include <proc_service.h>
configure:6168: result: no
configure:6168: checking for proc_service.h
configure:6168: result: no
configure:6168: checking sys/procfs.h usability
configure:6168: gcc -c -g -O2  conftest.c >&5
configure:6168: $? = 0
configure:6168: result: yes
configure:6168: checking sys/procfs.h presence
configure:6168: gcc -E  conftest.c
configure:6168: $? = 0
configure:6168: result: yes
configure:6168: checking for sys/procfs.h
configure:6168: result: yes
configure:6168: checking linux/elf.h usability
configure:6168: gcc -c -g -O2  conftest.c >&5
configure:6168: $? = 0
configure:6168: result: yes
configure:6168: checking linux/elf.h presence
configure:6168: gcc -E  conftest.c
configure:6168: $? = 0
configure:6168: result: yes
configure:6168: checking for linux/elf.h
configure:6168: result: yes
configure:6168: checking fcntl.h usability
configure:6168: gcc -c -g -O2  conftest.c >&5
configure:6168: $? = 0
configure:6168: result: yes
configure:6168: checking fcntl.h presence
configure:6168: gcc -E  conftest.c
configure:6168: $? = 0
configure:6168: result: yes
configure:6168: checking for fcntl.h
configure:6168: result: yes
configure:6168: checking signal.h usability
configure:6168: gcc -c -g -O2  conftest.c >&5
configure:6168: $? = 0
configure:6168: result: yes
configure:6168: checking signal.h presence
configure:6168: gcc -E  conftest.c
configure:6168: $? = 0
configure:6168: result: yes
configure:6168: checking for signal.h
configure:6168: result: yes
configure:6168: checking sys/file.h usability
configure:6168: gcc -c -g -O2  conftest.c >&5
configure:6168: $? = 0
configure:6168: result: yes
configure:6168: checking sys/file.h presence
configure:6168: gcc -E  conftest.c
configure:6168: $? = 0
configure:6168: result: yes
configure:6168: checking for sys/file.h
configure:6168: result: yes
configure:6168: checking sys/ioctl.h usability
configure:6168: gcc -c -g -O2  conftest.c >&5
configure:6168: $? = 0
configure:6168: result: yes
configure:6168: checking sys/ioctl.h presence
configure:6168: gcc -E  conftest.c
configure:6168: $? = 0
configure:6168: result: yes
configure:6168: checking for sys/ioctl.h
configure:6168: result: yes
configure:6168: checking netinet/in.h usability
configure:6168: gcc -c -g -O2  conftest.c >&5
configure:6168: $? = 0
configure:6168: result: yes
configure:6168: checking netinet/in.h presence
configure:6168: gcc -E  conftest.c
configure:6168: $? = 0
configure:6168: result: yes
configure:6168: checking for netinet/in.h
configure:6168: result: yes
configure:6168: checking sys/socket.h usability
configure:6168: gcc -c -g -O2  conftest.c >&5
configure:6168: $? = 0
configure:6168: result: yes
configure:6168: checking sys/socket.h presence
configure:6168: gcc -E  conftest.c
configure:6168: $? = 0
configure:6168: result: yes
configure:6168: checking for sys/socket.h
configure:6168: result: yes
configure:6168: checking netdb.h usability
configure:6168: gcc -c -g -O2  conftest.c >&5
configure:6168: $? = 0
configure:6168: result: yes
configure:6168: checking netdb.h presence
configure:6168: gcc -E  conftest.c
configure:6168: $? = 0
configure:6168: result: yes
configure:6168: checking for netdb.h
configure:6168: result: yes
configure:6168: checking netinet/tcp.h usability
configure:6168: gcc -c -g -O2  conftest.c >&5
configure:6168: $? = 0
configure:6168: result: yes
configure:6168: checking netinet/tcp.h presence
configure:6168: gcc -E  conftest.c
configure:6168: $? = 0
configure:6168: result: yes
configure:6168: checking for netinet/tcp.h
configure:6168: result: yes
configure:6168: checking arpa/inet.h usability
configure:6168: gcc -c -g -O2  conftest.c >&5
configure:6168: $? = 0
configure:6168: result: yes
configure:6168: checking arpa/inet.h presence
configure:6168: gcc -E  conftest.c
configure:6168: $? = 0
configure:6168: result: yes
configure:6168: checking for arpa/inet.h
configure:6168: result: yes
configure:6179: checking for pid_t
configure:6179: gcc -c -g -O2  conftest.c >&5
configure:6179: $? = 0
configure:6179: gcc -c -g -O2  conftest.c >&5
conftest.c: In function 'main':
conftest.c:78:20: error: expected expression before ')' token
 if (sizeof ((pid_t)))
                    ^
configure:6179: $? = 1
configure: failed program was:
| /* confdefs.h */
| #define PACKAGE_NAME ""
| #define PACKAGE_TARNAME ""
| #define PACKAGE_VERSION ""
| #define PACKAGE_STRING ""
| #define PACKAGE_BUGREPORT ""
| #define PACKAGE_URL ""
| #define STDC_HEADERS 1
| #define HAVE_SYS_TYPES_H 1
| #define HAVE_SYS_STAT_H 1
| #define HAVE_STDLIB_H 1
| #define HAVE_STRING_H 1
| #define HAVE_MEMORY_H 1
| #define HAVE_STRINGS_H 1
| #define HAVE_INTTYPES_H 1
| #define HAVE_STDINT_H 1
| #define HAVE_UNISTD_H 1
| #define __EXTENSIONS__ 1
| #define _ALL_SOURCE 1
| #define _GNU_SOURCE 1
| #define _POSIX_PTHREAD_SEMANTICS 1
| #define _TANDEM_SOURCE 1
| #define HAVE_CXX11 1
| #define STDC_HEADERS 1
| #define HAVE_SGTTY_H 1
| #define HAVE_TERMIO_H 1
| #define HAVE_TERMIOS_H 1
| #define HAVE_SYS_REG_H 1
| #define HAVE_STRING_H 1
| #define HAVE_SYS_PROCFS_H 1
| #define HAVE_LINUX_ELF_H 1
| #define HAVE_FCNTL_H 1
| #define HAVE_SIGNAL_H 1
| #define HAVE_SYS_FILE_H 1
| #define HAVE_SYS_IOCTL_H 1
| #define HAVE_NETINET_IN_H 1
| #define HAVE_SYS_SOCKET_H 1
| #define HAVE_NETDB_H 1
| #define HAVE_NETINET_TCP_H 1
| #define HAVE_ARPA_INET_H 1
| /* end confdefs.h.  */
| #include <stdio.h>
| #ifdef HAVE_SYS_TYPES_H
| # include <sys/types.h>
| #endif
| #ifdef HAVE_SYS_STAT_H
| # include <sys/stat.h>
| #endif
| #ifdef STDC_HEADERS
| # include <stdlib.h>
| # include <stddef.h>
| #else
| # ifdef HAVE_STDLIB_H
| #  include <stdlib.h>
| # endif
| #endif
| #ifdef HAVE_STRING_H
| # if !defined STDC_HEADERS && defined HAVE_MEMORY_H
| #  include <memory.h>
| # endif
| # include <string.h>
| #endif
| #ifdef HAVE_STRINGS_H
| # include <strings.h>
| #endif
| #ifdef HAVE_INTTYPES_H
| # include <inttypes.h>
| #endif
| #ifdef HAVE_STDINT_H
| # include <stdint.h>
| #endif
| #ifdef HAVE_UNISTD_H
| # include <unistd.h>
| #endif
| int
| main ()
| {
| if (sizeof ((pid_t)))
| 	    return 0;
|   ;
|   return 0;
| }
configure:6179: result: yes
configure:6192: checking vfork.h usability
configure:6192: gcc -c -g -O2  conftest.c >&5
conftest.c:75:19: fatal error: vfork.h: No such file or directory
compilation terminated.
configure:6192: $? = 1
configure: failed program was:
| /* confdefs.h */
| #define PACKAGE_NAME ""
| #define PACKAGE_TARNAME ""
| #define PACKAGE_VERSION ""
| #define PACKAGE_STRING ""
| #define PACKAGE_BUGREPORT ""
| #define PACKAGE_URL ""
| #define STDC_HEADERS 1
| #define HAVE_SYS_TYPES_H 1
| #define HAVE_SYS_STAT_H 1
| #define HAVE_STDLIB_H 1
| #define HAVE_STRING_H 1
| #define HAVE_MEMORY_H 1
| #define HAVE_STRINGS_H 1
| #define HAVE_INTTYPES_H 1
| #define HAVE_STDINT_H 1
| #define HAVE_UNISTD_H 1
| #define __EXTENSIONS__ 1
| #define _ALL_SOURCE 1
| #define _GNU_SOURCE 1
| #define _POSIX_PTHREAD_SEMANTICS 1
| #define _TANDEM_SOURCE 1
| #define HAVE_CXX11 1
| #define STDC_HEADERS 1
| #define HAVE_SGTTY_H 1
| #define HAVE_TERMIO_H 1
| #define HAVE_TERMIOS_H 1
| #define HAVE_SYS_REG_H 1
| #define HAVE_STRING_H 1
| #define HAVE_SYS_PROCFS_H 1
| #define HAVE_LINUX_ELF_H 1
| #define HAVE_FCNTL_H 1
| #define HAVE_SIGNAL_H 1
| #define HAVE_SYS_FILE_H 1
| #define HAVE_SYS_IOCTL_H 1
| #define HAVE_NETINET_IN_H 1
| #define HAVE_SYS_SOCKET_H 1
| #define HAVE_NETDB_H 1
| #define HAVE_NETINET_TCP_H 1
| #define HAVE_ARPA_INET_H 1
| /* end confdefs.h.  */
| #include <stdio.h>
| #ifdef HAVE_SYS_TYPES_H
| # include <sys/types.h>
| #endif
| #ifdef HAVE_SYS_STAT_H
| # include <sys/stat.h>
| #endif
| #ifdef STDC_HEADERS
| # include <stdlib.h>
| # include <stddef.h>
| #else
| # ifdef HAVE_STDLIB_H
| #  include <stdlib.h>
| # endif
| #endif
| #ifdef HAVE_STRING_H
| # if !defined STDC_HEADERS && defined HAVE_MEMORY_H
| #  include <memory.h>
| # endif
| # include <string.h>
| #endif
| #ifdef HAVE_STRINGS_H
| # include <strings.h>
| #endif
| #ifdef HAVE_INTTYPES_H
| # include <inttypes.h>
| #endif
| #ifdef HAVE_STDINT_H
| # include <stdint.h>
| #endif
| #ifdef HAVE_UNISTD_H
| # include <unistd.h>
| #endif
| #include <vfork.h>
configure:6192: result: no
configure:6192: checking vfork.h presence
configure:6192: gcc -E  conftest.c
conftest.c:42:19: fatal error: vfork.h: No such file or directory
compilation terminated.
configure:6192: $? = 1
configure: failed program was:
| /* confdefs.h */
| #define PACKAGE_NAME ""
| #define PACKAGE_TARNAME ""
| #define PACKAGE_VERSION ""
| #define PACKAGE_STRING ""
| #define PACKAGE_BUGREPORT ""
| #define PACKAGE_URL ""
| #define STDC_HEADERS 1
| #define HAVE_SYS_TYPES_H 1
| #define HAVE_SYS_STAT_H 1
| #define HAVE_STDLIB_H 1
| #define HAVE_STRING_H 1
| #define HAVE_MEMORY_H 1
| #define HAVE_STRINGS_H 1
| #define HAVE_INTTYPES_H 1
| #define HAVE_STDINT_H 1
| #define HAVE_UNISTD_H 1
| #define __EXTENSIONS__ 1
| #define _ALL_SOURCE 1
| #define _GNU_SOURCE 1
| #define _POSIX_PTHREAD_SEMANTICS 1
| #define _TANDEM_SOURCE 1
| #define HAVE_CXX11 1
| #define STDC_HEADERS 1
| #define HAVE_SGTTY_H 1
| #define HAVE_TERMIO_H 1
| #define HAVE_TERMIOS_H 1
| #define HAVE_SYS_REG_H 1
| #define HAVE_STRING_H 1
| #define HAVE_SYS_PROCFS_H 1
| #define HAVE_LINUX_ELF_H 1
| #define HAVE_FCNTL_H 1
| #define HAVE_SIGNAL_H 1
| #define HAVE_SYS_FILE_H 1
| #define HAVE_SYS_IOCTL_H 1
| #define HAVE_NETINET_IN_H 1
| #define HAVE_SYS_SOCKET_H 1
| #define HAVE_NETDB_H 1
| #define HAVE_NETINET_TCP_H 1
| #define HAVE_ARPA_INET_H 1
| /* end confdefs.h.  */
| #include <vfork.h>
configure:6192: result: no
configure:6192: checking for vfork.h
configure:6192: result: no
configure:6205: checking for fork
configure:6205: gcc -o conftest -g -O2   conftest.c  >&5
conftest.c:65:6: warning: conflicting types for built-in function 'fork'
 char fork ();
      ^
configure:6205: $? = 0
configure:6205: result: yes
configure:6205: checking for vfork
configure:6205: gcc -o conftest -g -O2   conftest.c  >&5
configure:6205: $? = 0
configure:6205: result: yes
configure:6216: checking for working fork
configure:6238: gcc -o conftest -g -O2   conftest.c  >&5
configure:6238: $? = 0
configure:6238: ./conftest
configure:6238: $? = 0
configure:6248: result: yes
configure:6269: checking for working vfork
configure:6379: result: yes
configure:6407: checking for getauxval
configure:6407: gcc -o conftest -g -O2   conftest.c  >&5
configure:6407: $? = 0
configure:6407: result: yes
configure:6407: checking for pread
configure:6407: gcc -o conftest -g -O2   conftest.c  >&5
configure:6407: $? = 0
configure:6407: result: yes
configure:6407: checking for pwrite
configure:6407: gcc -o conftest -g -O2   conftest.c  >&5
configure:6407: $? = 0
configure:6407: result: yes
configure:6407: checking for pread64
configure:6407: gcc -o conftest -g -O2   conftest.c  >&5
configure:6407: $? = 0
configure:6407: result: yes
configure:6407: checking for setns
configure:6407: gcc -o conftest -g -O2   conftest.c  >&5
configure:6407: $? = 0
configure:6407: result: yes
configure:6419: checking for ANSI C header files
configure:6523: result: yes
configure:6533: checking for working alloca.h
configure:6550: gcc -o conftest -g -O2   conftest.c  >&5
configure:6550: $? = 0
configure:6558: result: yes
configure:6566: checking for alloca
configure:6603: gcc -o conftest -g -O2   conftest.c  >&5
configure:6603: $? = 0
configure:6611: result: yes
configure:6723: checking for nl_langinfo and CODESET
configure:6739: gcc -o conftest -g -O2   conftest.c  >&5
configure:6739: $? = 0
configure:6748: result: yes
configure:6760: checking linux/perf_event.h usability
configure:6760: gcc -c -g -O2  conftest.c >&5
configure:6760: $? = 0
configure:6760: result: yes
configure:6760: checking linux/perf_event.h presence
configure:6760: gcc -E  conftest.c
configure:6760: $? = 0
configure:6760: result: yes
configure:6760: checking for linux/perf_event.h
configure:6760: result: yes
configure:6760: checking locale.h usability
configure:6760: gcc -c -g -O2  conftest.c >&5
configure:6760: $? = 0
configure:6760: result: yes
configure:6760: checking locale.h presence
configure:6760: gcc -E  conftest.c
configure:6760: $? = 0
configure:6760: result: yes
configure:6760: checking for locale.h
configure:6760: result: yes
configure:6760: checking for memory.h
configure:6760: result: yes
configure:6760: checking for signal.h
configure:6760: result: yes
configure:6760: checking sys/resource.h usability
configure:6760: gcc -c -g -O2  conftest.c >&5
configure:6760: $? = 0
configure:6760: result: yes
configure:6760: checking sys/resource.h presence
configure:6760: gcc -E  conftest.c
configure:6760: $? = 0
configure:6760: result: yes
configure:6760: checking for sys/resource.h
configure:6760: result: yes
configure:6760: checking for sys/socket.h
configure:6760: result: yes
configure:6760: checking sys/syscall.h usability
configure:6760: gcc -c -g -O2  conftest.c >&5
configure:6760: $? = 0
configure:6760: result: yes
configure:6760: checking sys/syscall.h presence
configure:6760: gcc -E  conftest.c
configure:6760: $? = 0
configure:6760: result: yes
configure:6760: checking for sys/syscall.h
configure:6760: result: yes
configure:6760: checking sys/un.h usability
configure:6760: gcc -c -g -O2  conftest.c >&5
configure:6760: $? = 0
configure:6760: result: yes
configure:6760: checking sys/un.h presence
configure:6760: gcc -E  conftest.c
configure:6760: $? = 0
configure:6760: result: yes
configure:6760: checking for sys/un.h
configure:6760: result: yes
configure:6760: checking sys/wait.h usability
configure:6760: gcc -c -g -O2  conftest.c >&5
configure:6760: $? = 0
configure:6760: result: yes
configure:6760: checking sys/wait.h presence
configure:6760: gcc -E  conftest.c
configure:6760: $? = 0
configure:6760: result: yes
configure:6760: checking for sys/wait.h
configure:6760: result: yes
configure:6760: checking thread_db.h usability
configure:6760: gcc -c -g -O2  conftest.c >&5
configure:6760: $? = 0
configure:6760: result: yes
configure:6760: checking thread_db.h presence
configure:6760: gcc -E  conftest.c
configure:6760: $? = 0
configure:6760: result: yes
configure:6760: checking for thread_db.h
configure:6760: result: yes
configure:6760: checking wait.h usability
configure:6760: gcc -c -g -O2  conftest.c >&5
configure:6760: $? = 0
configure:6760: result: yes
configure:6760: checking wait.h presence
configure:6760: gcc -E  conftest.c
configure:6760: $? = 0
configure:6760: result: yes
configure:6760: checking for wait.h
configure:6760: result: yes
configure:6775: checking for fdwalk
configure:6775: gcc -o conftest -g -O2   conftest.c  >&5
/tmp/ccAXyPQR.o: In function `main':
/root/Desktop/ctf_task/ncstisc2017/pwn2/gdb-8.0/gdb/gdbserver/conftest.c:100: undefined reference to `fdwalk'
collect2: error: ld returned 1 exit status
configure:6775: $? = 1
configure: failed program was:
| /* confdefs.h */
| #define PACKAGE_NAME ""
| #define PACKAGE_TARNAME ""
| #define PACKAGE_VERSION ""
| #define PACKAGE_STRING ""
| #define PACKAGE_BUGREPORT ""
| #define PACKAGE_URL ""
| #define STDC_HEADERS 1
| #define HAVE_SYS_TYPES_H 1
| #define HAVE_SYS_STAT_H 1
| #define HAVE_STDLIB_H 1
| #define HAVE_STRING_H 1
| #define HAVE_MEMORY_H 1
| #define HAVE_STRINGS_H 1
| #define HAVE_INTTYPES_H 1
| #define HAVE_STDINT_H 1
| #define HAVE_UNISTD_H 1
| #define __EXTENSIONS__ 1
| #define _ALL_SOURCE 1
| #define _GNU_SOURCE 1
| #define _POSIX_PTHREAD_SEMANTICS 1
| #define _TANDEM_SOURCE 1
| #define HAVE_CXX11 1
| #define STDC_HEADERS 1
| #define HAVE_SGTTY_H 1
| #define HAVE_TERMIO_H 1
| #define HAVE_TERMIOS_H 1
| #define HAVE_SYS_REG_H 1
| #define HAVE_STRING_H 1
| #define HAVE_SYS_PROCFS_H 1
| #define HAVE_LINUX_ELF_H 1
| #define HAVE_FCNTL_H 1
| #define HAVE_SIGNAL_H 1
| #define HAVE_SYS_FILE_H 1
| #define HAVE_SYS_IOCTL_H 1
| #define HAVE_NETINET_IN_H 1
| #define HAVE_SYS_SOCKET_H 1
| #define HAVE_NETDB_H 1
| #define HAVE_NETINET_TCP_H 1
| #define HAVE_ARPA_INET_H 1
| #define HAVE_FORK 1
| #define HAVE_VFORK 1
| #define HAVE_WORKING_VFORK 1
| #define HAVE_WORKING_FORK 1
| #define HAVE_GETAUXVAL 1
| #define HAVE_PREAD 1
| #define HAVE_PWRITE 1
| #define HAVE_PREAD64 1
| #define HAVE_SETNS 1
| #define STDC_HEADERS 1
| #define HAVE_ALLOCA_H 1
| #define HAVE_ALLOCA 1
| #define HAVE_LANGINFO_CODESET 1
| #define HAVE_LINUX_PERF_EVENT_H 1
| #define HAVE_LOCALE_H 1
| #define HAVE_MEMORY_H 1
| #define HAVE_SIGNAL_H 1
| #define HAVE_SYS_RESOURCE_H 1
| #define HAVE_SYS_SOCKET_H 1
| #define HAVE_SYS_SYSCALL_H 1
| #define HAVE_SYS_UN_H 1
| #define HAVE_SYS_WAIT_H 1
| #define HAVE_THREAD_DB_H 1
| #define HAVE_WAIT_H 1
| /* end confdefs.h.  */
| /* Define fdwalk to an innocuous variant, in case <limits.h> declares fdwalk.
|    For example, HP-UX 11i <limits.h> declares gettimeofday.  */
| #define fdwalk innocuous_fdwalk
| 
| /* System header to define __stub macros and hopefully few prototypes,
|     which can conflict with char fdwalk (); below.
|     Prefer <limits.h> to <assert.h> if __STDC__ is defined, since
|     <limits.h> exists even on freestanding compilers.  */
| 
| #ifdef __STDC__
| # include <limits.h>
| #else
| # include <assert.h>
| #endif
| 
| #undef fdwalk
| 
| /* Override any GCC internal prototype to avoid an error.
|    Use char because int might match the return type of a GCC
|    builtin and then its argument prototype would still apply.  */
| #ifdef __cplusplus
| extern "C"
| #endif
| char fdwalk ();
| /* The GNU C library defines this for functions which it implements
|     to always fail with ENOSYS.  Some functions are actually named
|     something starting with __ and the normal name is an alias.  */
| #if defined __stub_fdwalk || defined __stub___fdwalk
| choke me
| #endif
| 
| int
| main ()
| {
| return fdwalk ();
|   ;
|   return 0;
| }
configure:6775: result: no
configure:6775: checking for getrlimit
configure:6775: gcc -o conftest -g -O2   conftest.c  >&5
configure:6775: $? = 0
configure:6775: result: yes
configure:6775: checking for pipe
configure:6775: gcc -o conftest -g -O2   conftest.c  >&5
configure:6775: $? = 0
configure:6775: result: yes
configure:6775: checking for pipe2
configure:6775: gcc -o conftest -g -O2   conftest.c  >&5
configure:6775: $? = 0
configure:6775: result: yes
configure:6775: checking for socketpair
configure:6775: gcc -o conftest -g -O2   conftest.c  >&5
configure:6775: $? = 0
configure:6775: result: yes
configure:6775: checking for sigaction
configure:6775: gcc -o conftest -g -O2   conftest.c  >&5
configure:6775: $? = 0
configure:6775: result: yes
configure:6786: checking whether strerror is declared
configure:6786: gcc -c -g -O2  conftest.c >&5
configure:6786: $? = 0
configure:6786: result: yes
configure:6796: checking whether strstr is declared
configure:6796: gcc -c -g -O2  conftest.c >&5
configure:6796: $? = 0
configure:6796: result: yes
configure:6808: checking for sigsetjmp
configure:6826: gcc -c -g -O2  conftest.c >&5
configure:6826: $? = 0
configure:6833: result: yes
configure:6848: checking sys/ptrace.h usability
configure:6848: gcc -c -g -O2  conftest.c >&5
configure:6848: $? = 0
configure:6848: result: yes
configure:6848: checking sys/ptrace.h presence
configure:6848: gcc -E  conftest.c
configure:6848: $? = 0
configure:6848: result: yes
configure:6848: checking for sys/ptrace.h
configure:6848: result: yes
configure:6848: checking ptrace.h usability
configure:6848: gcc -c -g -O2  conftest.c >&5
conftest.c:108:20: fatal error: ptrace.h: No such file or directory
compilation terminated.
configure:6848: $? = 1
configure: failed program was:
| /* confdefs.h */
| #define PACKAGE_NAME ""
| #define PACKAGE_TARNAME ""
| #define PACKAGE_VERSION ""
| #define PACKAGE_STRING ""
| #define PACKAGE_BUGREPORT ""
| #define PACKAGE_URL ""
| #define STDC_HEADERS 1
| #define HAVE_SYS_TYPES_H 1
| #define HAVE_SYS_STAT_H 1
| #define HAVE_STDLIB_H 1
| #define HAVE_STRING_H 1
| #define HAVE_MEMORY_H 1
| #define HAVE_STRINGS_H 1
| #define HAVE_INTTYPES_H 1
| #define HAVE_STDINT_H 1
| #define HAVE_UNISTD_H 1
| #define __EXTENSIONS__ 1
| #define _ALL_SOURCE 1
| #define _GNU_SOURCE 1
| #define _POSIX_PTHREAD_SEMANTICS 1
| #define _TANDEM_SOURCE 1
| #define HAVE_CXX11 1
| #define STDC_HEADERS 1
| #define HAVE_SGTTY_H 1
| #define HAVE_TERMIO_H 1
| #define HAVE_TERMIOS_H 1
| #define HAVE_SYS_REG_H 1
| #define HAVE_STRING_H 1
| #define HAVE_SYS_PROCFS_H 1
| #define HAVE_LINUX_ELF_H 1
| #define HAVE_FCNTL_H 1
| #define HAVE_SIGNAL_H 1
| #define HAVE_SYS_FILE_H 1
| #define HAVE_SYS_IOCTL_H 1
| #define HAVE_NETINET_IN_H 1
| #define HAVE_SYS_SOCKET_H 1
| #define HAVE_NETDB_H 1
| #define HAVE_NETINET_TCP_H 1
| #define HAVE_ARPA_INET_H 1
| #define HAVE_FORK 1
| #define HAVE_VFORK 1
| #define HAVE_WORKING_VFORK 1
| #define HAVE_WORKING_FORK 1
| #define HAVE_GETAUXVAL 1
| #define HAVE_PREAD 1
| #define HAVE_PWRITE 1
| #define HAVE_PREAD64 1
| #define HAVE_SETNS 1
| #define STDC_HEADERS 1
| #define HAVE_ALLOCA_H 1
| #define HAVE_ALLOCA 1
| #define HAVE_LANGINFO_CODESET 1
| #define HAVE_LINUX_PERF_EVENT_H 1
| #define HAVE_LOCALE_H 1
| #define HAVE_MEMORY_H 1
| #define HAVE_SIGNAL_H 1
| #define HAVE_SYS_RESOURCE_H 1
| #define HAVE_SYS_SOCKET_H 1
| #define HAVE_SYS_SYSCALL_H 1
| #define HAVE_SYS_UN_H 1
| #define HAVE_SYS_WAIT_H 1
| #define HAVE_THREAD_DB_H 1
| #define HAVE_WAIT_H 1
| #define HAVE_GETRLIMIT 1
| #define HAVE_PIPE 1
| #define HAVE_PIPE2 1
| #define HAVE_SOCKETPAIR 1
| #define HAVE_SIGACTION 1
| #define HAVE_DECL_STRERROR 1
| #define HAVE_DECL_STRSTR 1
| #define HAVE_SIGSETJMP 1
| #define HAVE_SYS_PTRACE_H 1
| /* end confdefs.h.  */
| #include <stdio.h>
| #ifdef HAVE_SYS_TYPES_H
| # include <sys/types.h>
| #endif
| #ifdef HAVE_SYS_STAT_H
| # include <sys/stat.h>
| #endif
| #ifdef STDC_HEADERS
| # include <stdlib.h>
| # include <stddef.h>
| #else
| # ifdef HAVE_STDLIB_H
| #  include <stdlib.h>
| # endif
| #endif
| #ifdef HAVE_STRING_H
| # if !defined STDC_HEADERS && defined HAVE_MEMORY_H
| #  include <memory.h>
| # endif
| # include <string.h>
| #endif
| #ifdef HAVE_STRINGS_H
| # include <strings.h>
| #endif
| #ifdef HAVE_INTTYPES_H
| # include <inttypes.h>
| #endif
| #ifdef HAVE_STDINT_H
| # include <stdint.h>
| #endif
| #ifdef HAVE_UNISTD_H
| # include <unistd.h>
| #endif
| #include <ptrace.h>
configure:6848: result: no
configure:6848: checking ptrace.h presence
configure:6848: gcc -E  conftest.c
conftest.c:75:20: fatal error: ptrace.h: No such file or directory
compilation terminated.
configure:6848: $? = 1
configure: failed program was:
| /* confdefs.h */
| #define PACKAGE_NAME ""
| #define PACKAGE_TARNAME ""
| #define PACKAGE_VERSION ""
| #define PACKAGE_STRING ""
| #define PACKAGE_BUGREPORT ""
| #define PACKAGE_URL ""
| #define STDC_HEADERS 1
| #define HAVE_SYS_TYPES_H 1
| #define HAVE_SYS_STAT_H 1
| #define HAVE_STDLIB_H 1
| #define HAVE_STRING_H 1
| #define HAVE_MEMORY_H 1
| #define HAVE_STRINGS_H 1
| #define HAVE_INTTYPES_H 1
| #define HAVE_STDINT_H 1
| #define HAVE_UNISTD_H 1
| #define __EXTENSIONS__ 1
| #define _ALL_SOURCE 1
| #define _GNU_SOURCE 1
| #define _POSIX_PTHREAD_SEMANTICS 1
| #define _TANDEM_SOURCE 1
| #define HAVE_CXX11 1
| #define STDC_HEADERS 1
| #define HAVE_SGTTY_H 1
| #define HAVE_TERMIO_H 1
| #define HAVE_TERMIOS_H 1
| #define HAVE_SYS_REG_H 1
| #define HAVE_STRING_H 1
| #define HAVE_SYS_PROCFS_H 1
| #define HAVE_LINUX_ELF_H 1
| #define HAVE_FCNTL_H 1
| #define HAVE_SIGNAL_H 1
| #define HAVE_SYS_FILE_H 1
| #define HAVE_SYS_IOCTL_H 1
| #define HAVE_NETINET_IN_H 1
| #define HAVE_SYS_SOCKET_H 1
| #define HAVE_NETDB_H 1
| #define HAVE_NETINET_TCP_H 1
| #define HAVE_ARPA_INET_H 1
| #define HAVE_FORK 1
| #define HAVE_VFORK 1
| #define HAVE_WORKING_VFORK 1
| #define HAVE_WORKING_FORK 1
| #define HAVE_GETAUXVAL 1
| #define HAVE_PREAD 1
| #define HAVE_PWRITE 1
| #define HAVE_PREAD64 1
| #define HAVE_SETNS 1
| #define STDC_HEADERS 1
| #define HAVE_ALLOCA_H 1
| #define HAVE_ALLOCA 1
| #define HAVE_LANGINFO_CODESET 1
| #define HAVE_LINUX_PERF_EVENT_H 1
| #define HAVE_LOCALE_H 1
| #define HAVE_MEMORY_H 1
| #define HAVE_SIGNAL_H 1
| #define HAVE_SYS_RESOURCE_H 1
| #define HAVE_SYS_SOCKET_H 1
| #define HAVE_SYS_SYSCALL_H 1
| #define HAVE_SYS_UN_H 1
| #define HAVE_SYS_WAIT_H 1
| #define HAVE_THREAD_DB_H 1
| #define HAVE_WAIT_H 1
| #define HAVE_GETRLIMIT 1
| #define HAVE_PIPE 1
| #define HAVE_PIPE2 1
| #define HAVE_SOCKETPAIR 1
| #define HAVE_SIGACTION 1
| #define HAVE_DECL_STRERROR 1
| #define HAVE_DECL_STRSTR 1
| #define HAVE_SIGSETJMP 1
| #define HAVE_SYS_PTRACE_H 1
| /* end confdefs.h.  */
| #include <ptrace.h>
configure:6848: result: no
configure:6848: checking for ptrace.h
configure:6848: result: no
configure:6870: checking whether ptrace is declared
configure:6870: gcc -c -g -O2  conftest.c >&5
configure:6870: $? = 0
configure:6870: result: yes
configure:6892: checking return type of ptrace
configure:6908: gcc -c -g -O2  conftest.c >&5
configure:6908: $? = 0
configure:6931: result: long
configure:6939: checking types of arguments for ptrace
configure:6956: gcc -c -g -O2  conftest.c >&5
configure:6956: $? = 0
configure:7015: result: enum __ptrace_request,int,long,long
configure:7092: checking for ust
configure:7108: gcc -c -g -O2   conftest.c >&5
conftest.c:82:21: fatal error: ust/ust.h: No such file or directory
compilation terminated.
configure:7108: $? = 1
configure: failed program was:
| /* confdefs.h */
| #define PACKAGE_NAME ""
| #define PACKAGE_TARNAME ""
| #define PACKAGE_VERSION ""
| #define PACKAGE_STRING ""
| #define PACKAGE_BUGREPORT ""
| #define PACKAGE_URL ""
| #define STDC_HEADERS 1
| #define HAVE_SYS_TYPES_H 1
| #define HAVE_SYS_STAT_H 1
| #define HAVE_STDLIB_H 1
| #define HAVE_STRING_H 1
| #define HAVE_MEMORY_H 1
| #define HAVE_STRINGS_H 1
| #define HAVE_INTTYPES_H 1
| #define HAVE_STDINT_H 1
| #define HAVE_UNISTD_H 1
| #define __EXTENSIONS__ 1
| #define _ALL_SOURCE 1
| #define _GNU_SOURCE 1
| #define _POSIX_PTHREAD_SEMANTICS 1
| #define _TANDEM_SOURCE 1
| #define HAVE_CXX11 1
| #define STDC_HEADERS 1
| #define HAVE_SGTTY_H 1
| #define HAVE_TERMIO_H 1
| #define HAVE_TERMIOS_H 1
| #define HAVE_SYS_REG_H 1
| #define HAVE_STRING_H 1
| #define HAVE_SYS_PROCFS_H 1
| #define HAVE_LINUX_ELF_H 1
| #define HAVE_FCNTL_H 1
| #define HAVE_SIGNAL_H 1
| #define HAVE_SYS_FILE_H 1
| #define HAVE_SYS_IOCTL_H 1
| #define HAVE_NETINET_IN_H 1
| #define HAVE_SYS_SOCKET_H 1
| #define HAVE_NETDB_H 1
| #define HAVE_NETINET_TCP_H 1
| #define HAVE_ARPA_INET_H 1
| #define HAVE_FORK 1
| #define HAVE_VFORK 1
| #define HAVE_WORKING_VFORK 1
| #define HAVE_WORKING_FORK 1
| #define HAVE_GETAUXVAL 1
| #define HAVE_PREAD 1
| #define HAVE_PWRITE 1
| #define HAVE_PREAD64 1
| #define HAVE_SETNS 1
| #define STDC_HEADERS 1
| #define HAVE_ALLOCA_H 1
| #define HAVE_ALLOCA 1
| #define HAVE_LANGINFO_CODESET 1
| #define HAVE_LINUX_PERF_EVENT_H 1
| #define HAVE_LOCALE_H 1
| #define HAVE_MEMORY_H 1
| #define HAVE_SIGNAL_H 1
| #define HAVE_SYS_RESOURCE_H 1
| #define HAVE_SYS_SOCKET_H 1
| #define HAVE_SYS_SYSCALL_H 1
| #define HAVE_SYS_UN_H 1
| #define HAVE_SYS_WAIT_H 1
| #define HAVE_THREAD_DB_H 1
| #define HAVE_WAIT_H 1
| #define HAVE_GETRLIMIT 1
| #define HAVE_PIPE 1
| #define HAVE_PIPE2 1
| #define HAVE_SOCKETPAIR 1
| #define HAVE_SIGACTION 1
| #define HAVE_DECL_STRERROR 1
| #define HAVE_DECL_STRSTR 1
| #define HAVE_SIGSETJMP 1
| #define HAVE_SYS_PTRACE_H 1
| #define HAVE_DECL_PTRACE 1
| #define PTRACE_TYPE_RET long
| #define PTRACE_TYPE_ARG1 enum __ptrace_request
| #define PTRACE_TYPE_ARG3 long
| #define PTRACE_TYPE_ARG4 long
| /* end confdefs.h.  */
| 
| #define CONFIG_UST_GDB_INTEGRATION
| #include <ust/ust.h>
| 
| int
| main ()
| {
| 
|   ;
|   return 0;
| }
configure:7114: result: no
configure:7203: checking compiler warning flags
configure:7236: g++ -c -g -O2 -Wall  conftest.cpp >&5
configure:7236: $? = 0
configure:7236: g++ -c -g -O2 -Wpointer-arith  conftest.cpp >&5
configure:7236: $? = 0
configure:7236: g++ -c -g -O2 -Wunused  conftest.cpp >&5
configure:7236: $? = 0
configure:7236: g++ -c -g -O2 -Wunused-value  conftest.cpp >&5
configure:7236: $? = 0
configure:7236: g++ -c -g -O2 -Wunused-function  conftest.cpp >&5
configure:7236: $? = 0
configure:7236: g++ -c -g -O2 -Wswitch  conftest.cpp >&5
configure:7236: $? = 0
configure:7236: g++ -c -g -O2 -Wchar-subscripts  conftest.cpp >&5
configure:7236: $? = 0
configure:7236: g++ -c -g -O2 -Wempty-body  conftest.cpp >&5
configure:7236: $? = 0
configure:7236: g++ -c -g -O2 -Wunused-but-set-parameter  conftest.cpp >&5
configure:7236: $? = 0
configure:7236: g++ -c -g -O2 -Wunused-but-set-variable  conftest.cpp >&5
configure:7236: $? = 0
configure:7236: g++ -c -g -O2 -Wsign-compare  conftest.cpp >&5
configure:7236: $? = 0
configure:7236: g++ -c -g -O2 -Wnarrowing  conftest.cpp >&5
configure:7236: $? = 0
configure:7236: g++ -c -g -O2 -Wformat-nonliteral  conftest.cpp >&5
configure:7236: $? = 0
configure:7244: result:  -Wall -Wpointer-arith -Wno-unused -Wunused-value -Wunused-function -Wno-switch -Wno-char-subscripts -Wempty-body -Wunused-but-set-parameter -Wunused-but-set-variable -Wno-sign-compare -Wno-narrowing -Wformat-nonliteral 
configure:7267: checking for dladdr
configure:7267: gcc -o conftest -g -O2   conftest.c  -ldl >&5
configure:7267: $? = 0
configure:7267: result: yes
configure:7280: checking for long long
configure:7280: gcc -c -g -O2  conftest.c >&5
configure:7280: $? = 0
configure:7280: gcc -c -g -O2  conftest.c >&5
conftest.c: In function 'main':
conftest.c:117:24: error: expected expression before ')' token
 if (sizeof ((long long)))
                        ^
configure:7280: $? = 1
configure: failed program was:
| /* confdefs.h */
| #define PACKAGE_NAME ""
| #define PACKAGE_TARNAME ""
| #define PACKAGE_VERSION ""
| #define PACKAGE_STRING ""
| #define PACKAGE_BUGREPORT ""
| #define PACKAGE_URL ""
| #define STDC_HEADERS 1
| #define HAVE_SYS_TYPES_H 1
| #define HAVE_SYS_STAT_H 1
| #define HAVE_STDLIB_H 1
| #define HAVE_STRING_H 1
| #define HAVE_MEMORY_H 1
| #define HAVE_STRINGS_H 1
| #define HAVE_INTTYPES_H 1
| #define HAVE_STDINT_H 1
| #define HAVE_UNISTD_H 1
| #define __EXTENSIONS__ 1
| #define _ALL_SOURCE 1
| #define _GNU_SOURCE 1
| #define _POSIX_PTHREAD_SEMANTICS 1
| #define _TANDEM_SOURCE 1
| #define HAVE_CXX11 1
| #define STDC_HEADERS 1
| #define HAVE_SGTTY_H 1
| #define HAVE_TERMIO_H 1
| #define HAVE_TERMIOS_H 1
| #define HAVE_SYS_REG_H 1
| #define HAVE_STRING_H 1
| #define HAVE_SYS_PROCFS_H 1
| #define HAVE_LINUX_ELF_H 1
| #define HAVE_FCNTL_H 1
| #define HAVE_SIGNAL_H 1
| #define HAVE_SYS_FILE_H 1
| #define HAVE_SYS_IOCTL_H 1
| #define HAVE_NETINET_IN_H 1
| #define HAVE_SYS_SOCKET_H 1
| #define HAVE_NETDB_H 1
| #define HAVE_NETINET_TCP_H 1
| #define HAVE_ARPA_INET_H 1
| #define HAVE_FORK 1
| #define HAVE_VFORK 1
| #define HAVE_WORKING_VFORK 1
| #define HAVE_WORKING_FORK 1
| #define HAVE_GETAUXVAL 1
| #define HAVE_PREAD 1
| #define HAVE_PWRITE 1
| #define HAVE_PREAD64 1
| #define HAVE_SETNS 1
| #define STDC_HEADERS 1
| #define HAVE_ALLOCA_H 1
| #define HAVE_ALLOCA 1
| #define HAVE_LANGINFO_CODESET 1
| #define HAVE_LINUX_PERF_EVENT_H 1
| #define HAVE_LOCALE_H 1
| #define HAVE_MEMORY_H 1
| #define HAVE_SIGNAL_H 1
| #define HAVE_SYS_RESOURCE_H 1
| #define HAVE_SYS_SOCKET_H 1
| #define HAVE_SYS_SYSCALL_H 1
| #define HAVE_SYS_UN_H 1
| #define HAVE_SYS_WAIT_H 1
| #define HAVE_THREAD_DB_H 1
| #define HAVE_WAIT_H 1
| #define HAVE_GETRLIMIT 1
| #define HAVE_PIPE 1
| #define HAVE_PIPE2 1
| #define HAVE_SOCKETPAIR 1
| #define HAVE_SIGACTION 1
| #define HAVE_DECL_STRERROR 1
| #define HAVE_DECL_STRSTR 1
| #define HAVE_SIGSETJMP 1
| #define HAVE_SYS_PTRACE_H 1
| #define HAVE_DECL_PTRACE 1
| #define PTRACE_TYPE_RET long
| #define PTRACE_TYPE_ARG1 enum __ptrace_request
| #define PTRACE_TYPE_ARG3 long
| #define PTRACE_TYPE_ARG4 long
| #define HAVE_DLADDR 1
| /* end confdefs.h.  */
| #include <stdio.h>
| #ifdef HAVE_SYS_TYPES_H
| # include <sys/types.h>
| #endif
| #ifdef HAVE_SYS_STAT_H
| # include <sys/stat.h>
| #endif
| #ifdef STDC_HEADERS
| # include <stdlib.h>
| # include <stddef.h>
| #else
| # ifdef HAVE_STDLIB_H
| #  include <stdlib.h>
| # endif
| #endif
| #ifdef HAVE_STRING_H
| # if !defined STDC_HEADERS && defined HAVE_MEMORY_H
| #  include <memory.h>
| # endif
| # include <string.h>
| #endif
| #ifdef HAVE_STRINGS_H
| # include <strings.h>
| #endif
| #ifdef HAVE_INTTYPES_H
| # include <inttypes.h>
| #endif
| #ifdef HAVE_STDINT_H
| # include <stdint.h>
| #endif
| #ifdef HAVE_UNISTD_H
| # include <unistd.h>
| #endif
| int
| main ()
| {
| if (sizeof ((long long)))
| 	    return 0;
|   ;
|   return 0;
| }
configure:7280: result: yes
configure:7291: checking size of long long
configure:7296: gcc -o conftest -g -O2   conftest.c  >&5
configure:7296: $? = 0
configure:7296: ./conftest
configure:7296: $? = 0
configure:7311: result: 8
configure:7324: checking whether basename is declared
configure:7324: gcc -c -g -O2  conftest.c >&5
configure:7324: $? = 0
configure:7324: result: yes
configure:7334: checking whether ffs is declared
configure:7334: gcc -c -g -O2  conftest.c >&5
configure:7334: $? = 0
configure:7334: result: yes
configure:7344: checking whether asprintf is declared
configure:7344: gcc -c -g -O2  conftest.c >&5
configure:7344: $? = 0
configure:7344: result: yes
configure:7354: checking whether vasprintf is declared
configure:7354: gcc -c -g -O2  conftest.c >&5
configure:7354: $? = 0
configure:7354: result: yes
configure:7364: checking whether snprintf is declared
configure:7364: gcc -c -g -O2  conftest.c >&5
configure:7364: $? = 0
configure:7364: result: yes
configure:7374: checking whether vsnprintf is declared
configure:7374: gcc -c -g -O2  conftest.c >&5
configure:7374: $? = 0
configure:7374: result: yes
configure:7385: checking whether strtol is declared
configure:7385: gcc -c -g -O2  conftest.c >&5
configure:7385: $? = 0
configure:7385: result: yes
configure:7395: checking whether strtoul is declared
configure:7395: gcc -c -g -O2  conftest.c >&5
configure:7395: $? = 0
configure:7395: result: yes
configure:7405: checking whether strtoll is declared
configure:7405: gcc -c -g -O2  conftest.c >&5
configure:7405: $? = 0
configure:7405: result: yes
configure:7415: checking whether strtoull is declared
configure:7415: gcc -c -g -O2  conftest.c >&5
configure:7415: $? = 0
configure:7415: result: yes
configure:7426: checking whether strverscmp is declared
configure:7426: gcc -c -g -O2  conftest.c >&5
configure:7426: $? = 0
configure:7426: result: yes
configure:7439: checking whether strerror is declared
configure:7439: result: yes
configure:7449: checking whether perror is declared
configure:7449: gcc -c -g -O2  conftest.c >&5
configure:7449: $? = 0
configure:7449: result: yes
configure:7459: checking whether vasprintf is declared
configure:7459: result: yes
configure:7469: checking whether vsnprintf is declared
configure:7469: result: yes
configure:7481: checking for struct stat.st_blocks
configure:7481: gcc -c -g -O2  conftest.c >&5
configure:7481: $? = 0
configure:7481: result: yes
configure:7490: checking for struct stat.st_blksize
configure:7490: gcc -c -g -O2  conftest.c >&5
configure:7490: $? = 0
configure:7490: result: yes
configure:7504: checking for struct user_regs_struct.fs_base
configure:7504: gcc -c -g -O2  conftest.c >&5
configure:7504: $? = 0
configure:7504: result: yes
configure:7514: checking for struct user_regs_struct.gs_base
configure:7514: gcc -c -g -O2  conftest.c >&5
configure:7514: $? = 0
configure:7514: result: yes
configure:7527: checking for socklen_t
configure:7527: gcc -c -g -O2  conftest.c >&5
configure:7527: $? = 0
configure:7527: gcc -c -g -O2  conftest.c >&5
conftest.c: In function 'main':
conftest.c:109:24: error: expected expression before ')' token
 if (sizeof ((socklen_t)))
                        ^
configure:7527: $? = 1
configure: failed program was:
| /* confdefs.h */
| #define PACKAGE_NAME ""
| #define PACKAGE_TARNAME ""
| #define PACKAGE_VERSION ""
| #define PACKAGE_STRING ""
| #define PACKAGE_BUGREPORT ""
| #define PACKAGE_URL ""
| #define STDC_HEADERS 1
| #define HAVE_SYS_TYPES_H 1
| #define HAVE_SYS_STAT_H 1
| #define HAVE_STDLIB_H 1
| #define HAVE_STRING_H 1
| #define HAVE_MEMORY_H 1
| #define HAVE_STRINGS_H 1
| #define HAVE_INTTYPES_H 1
| #define HAVE_STDINT_H 1
| #define HAVE_UNISTD_H 1
| #define __EXTENSIONS__ 1
| #define _ALL_SOURCE 1
| #define _GNU_SOURCE 1
| #define _POSIX_PTHREAD_SEMANTICS 1
| #define _TANDEM_SOURCE 1
| #define HAVE_CXX11 1
| #define STDC_HEADERS 1
| #define HAVE_SGTTY_H 1
| #define HAVE_TERMIO_H 1
| #define HAVE_TERMIOS_H 1
| #define HAVE_SYS_REG_H 1
| #define HAVE_STRING_H 1
| #define HAVE_SYS_PROCFS_H 1
| #define HAVE_LINUX_ELF_H 1
| #define HAVE_FCNTL_H 1
| #define HAVE_SIGNAL_H 1
| #define HAVE_SYS_FILE_H 1
| #define HAVE_SYS_IOCTL_H 1
| #define HAVE_NETINET_IN_H 1
| #define HAVE_SYS_SOCKET_H 1
| #define HAVE_NETDB_H 1
| #define HAVE_NETINET_TCP_H 1
| #define HAVE_ARPA_INET_H 1
| #define HAVE_FORK 1
| #define HAVE_VFORK 1
| #define HAVE_WORKING_VFORK 1
| #define HAVE_WORKING_FORK 1
| #define HAVE_GETAUXVAL 1
| #define HAVE_PREAD 1
| #define HAVE_PWRITE 1
| #define HAVE_PREAD64 1
| #define HAVE_SETNS 1
| #define STDC_HEADERS 1
| #define HAVE_ALLOCA_H 1
| #define HAVE_ALLOCA 1
| #define HAVE_LANGINFO_CODESET 1
| #define HAVE_LINUX_PERF_EVENT_H 1
| #define HAVE_LOCALE_H 1
| #define HAVE_MEMORY_H 1
| #define HAVE_SIGNAL_H 1
| #define HAVE_SYS_RESOURCE_H 1
| #define HAVE_SYS_SOCKET_H 1
| #define HAVE_SYS_SYSCALL_H 1
| #define HAVE_SYS_UN_H 1
| #define HAVE_SYS_WAIT_H 1
| #define HAVE_THREAD_DB_H 1
| #define HAVE_WAIT_H 1
| #define HAVE_GETRLIMIT 1
| #define HAVE_PIPE 1
| #define HAVE_PIPE2 1
| #define HAVE_SOCKETPAIR 1
| #define HAVE_SIGACTION 1
| #define HAVE_DECL_STRERROR 1
| #define HAVE_DECL_STRSTR 1
| #define HAVE_SIGSETJMP 1
| #define HAVE_SYS_PTRACE_H 1
| #define HAVE_DECL_PTRACE 1
| #define PTRACE_TYPE_RET long
| #define PTRACE_TYPE_ARG1 enum __ptrace_request
| #define PTRACE_TYPE_ARG3 long
| #define PTRACE_TYPE_ARG4 long
| #define HAVE_DLADDR 1
| #define HAVE_LONG_LONG 1
| #define SIZEOF_LONG_LONG 8
| #define HAVE_DECL_BASENAME 1
| #define HAVE_DECL_FFS 1
| #define HAVE_DECL_ASPRINTF 1
| #define HAVE_DECL_VASPRINTF 1
| #define HAVE_DECL_SNPRINTF 1
| #define HAVE_DECL_VSNPRINTF 1
| #define HAVE_DECL_STRTOL 1
| #define HAVE_DECL_STRTOUL 1
| #define HAVE_DECL_STRTOLL 1
| #define HAVE_DECL_STRTOULL 1
| #define HAVE_DECL_STRVERSCMP 1
| #define HAVE_DECL_STRERROR 1
| #define HAVE_DECL_PERROR 1
| #define HAVE_DECL_VASPRINTF 1
| #define HAVE_DECL_VSNPRINTF 1
| #define HAVE_STRUCT_STAT_ST_BLOCKS 1
| #define HAVE_STRUCT_STAT_ST_BLKSIZE 1
| #define HAVE_STRUCT_USER_REGS_STRUCT_FS_BASE 1
| #define HAVE_STRUCT_USER_REGS_STRUCT_GS_BASE 1
| /* end confdefs.h.  */
| #include <sys/types.h>
| #include <sys/socket.h>
| 
| 
| int
| main ()
| {
| if (sizeof ((socklen_t)))
| 	    return 0;
|   ;
|   return 0;
| }
configure:7527: result: yes
configure:7554: checking for Elf32_auxv_t
configure:7554: gcc -c -g -O2  conftest.c >&5
configure:7554: $? = 0
configure:7554: gcc -c -g -O2  conftest.c >&5
conftest.c: In function 'main':
conftest.c:109:27: error: expected expression before ')' token
 if (sizeof ((Elf32_auxv_t)))
                           ^
configure:7554: $? = 1
configure: failed program was:
| /* confdefs.h */
| #define PACKAGE_NAME ""
| #define PACKAGE_TARNAME ""
| #define PACKAGE_VERSION ""
| #define PACKAGE_STRING ""
| #define PACKAGE_BUGREPORT ""
| #define PACKAGE_URL ""
| #define STDC_HEADERS 1
| #define HAVE_SYS_TYPES_H 1
| #define HAVE_SYS_STAT_H 1
| #define HAVE_STDLIB_H 1
| #define HAVE_STRING_H 1
| #define HAVE_MEMORY_H 1
| #define HAVE_STRINGS_H 1
| #define HAVE_INTTYPES_H 1
| #define HAVE_STDINT_H 1
| #define HAVE_UNISTD_H 1
| #define __EXTENSIONS__ 1
| #define _ALL_SOURCE 1
| #define _GNU_SOURCE 1
| #define _POSIX_PTHREAD_SEMANTICS 1
| #define _TANDEM_SOURCE 1
| #define HAVE_CXX11 1
| #define STDC_HEADERS 1
| #define HAVE_SGTTY_H 1
| #define HAVE_TERMIO_H 1
| #define HAVE_TERMIOS_H 1
| #define HAVE_SYS_REG_H 1
| #define HAVE_STRING_H 1
| #define HAVE_SYS_PROCFS_H 1
| #define HAVE_LINUX_ELF_H 1
| #define HAVE_FCNTL_H 1
| #define HAVE_SIGNAL_H 1
| #define HAVE_SYS_FILE_H 1
| #define HAVE_SYS_IOCTL_H 1
| #define HAVE_NETINET_IN_H 1
| #define HAVE_SYS_SOCKET_H 1
| #define HAVE_NETDB_H 1
| #define HAVE_NETINET_TCP_H 1
| #define HAVE_ARPA_INET_H 1
| #define HAVE_FORK 1
| #define HAVE_VFORK 1
| #define HAVE_WORKING_VFORK 1
| #define HAVE_WORKING_FORK 1
| #define HAVE_GETAUXVAL 1
| #define HAVE_PREAD 1
| #define HAVE_PWRITE 1
| #define HAVE_PREAD64 1
| #define HAVE_SETNS 1
| #define STDC_HEADERS 1
| #define HAVE_ALLOCA_H 1
| #define HAVE_ALLOCA 1
| #define HAVE_LANGINFO_CODESET 1
| #define HAVE_LINUX_PERF_EVENT_H 1
| #define HAVE_LOCALE_H 1
| #define HAVE_MEMORY_H 1
| #define HAVE_SIGNAL_H 1
| #define HAVE_SYS_RESOURCE_H 1
| #define HAVE_SYS_SOCKET_H 1
| #define HAVE_SYS_SYSCALL_H 1
| #define HAVE_SYS_UN_H 1
| #define HAVE_SYS_WAIT_H 1
| #define HAVE_THREAD_DB_H 1
| #define HAVE_WAIT_H 1
| #define HAVE_GETRLIMIT 1
| #define HAVE_PIPE 1
| #define HAVE_PIPE2 1
| #define HAVE_SOCKETPAIR 1
| #define HAVE_SIGACTION 1
| #define HAVE_DECL_STRERROR 1
| #define HAVE_DECL_STRSTR 1
| #define HAVE_SIGSETJMP 1
| #define HAVE_SYS_PTRACE_H 1
| #define HAVE_DECL_PTRACE 1
| #define PTRACE_TYPE_RET long
| #define PTRACE_TYPE_ARG1 enum __ptrace_request
| #define PTRACE_TYPE_ARG3 long
| #define PTRACE_TYPE_ARG4 long
| #define HAVE_DLADDR 1
| #define HAVE_LONG_LONG 1
| #define SIZEOF_LONG_LONG 8
| #define HAVE_DECL_BASENAME 1
| #define HAVE_DECL_FFS 1
| #define HAVE_DECL_ASPRINTF 1
| #define HAVE_DECL_VASPRINTF 1
| #define HAVE_DECL_SNPRINTF 1
| #define HAVE_DECL_VSNPRINTF 1
| #define HAVE_DECL_STRTOL 1
| #define HAVE_DECL_STRTOUL 1
| #define HAVE_DECL_STRTOLL 1
| #define HAVE_DECL_STRTOULL 1
| #define HAVE_DECL_STRVERSCMP 1
| #define HAVE_DECL_STRERROR 1
| #define HAVE_DECL_PERROR 1
| #define HAVE_DECL_VASPRINTF 1
| #define HAVE_DECL_VSNPRINTF 1
| #define HAVE_STRUCT_STAT_ST_BLOCKS 1
| #define HAVE_STRUCT_STAT_ST_BLKSIZE 1
| #define HAVE_STRUCT_USER_REGS_STRUCT_FS_BASE 1
| #define HAVE_STRUCT_USER_REGS_STRUCT_GS_BASE 1
| #define HAVE_SOCKLEN_T 1
| /* end confdefs.h.  */
| #include <elf.h>
| 
| 
| int
| main ()
| {
| if (sizeof ((Elf32_auxv_t)))
| 	    return 0;
|   ;
|   return 0;
| }
configure:7554: result: yes
configure:7565: checking for Elf64_auxv_t
configure:7565: gcc -c -g -O2  conftest.c >&5
configure:7565: $? = 0
configure:7565: gcc -c -g -O2  conftest.c >&5
conftest.c: In function 'main':
conftest.c:110:27: error: expected expression before ')' token
 if (sizeof ((Elf64_auxv_t)))
                           ^
configure:7565: $? = 1
configure: failed program was:
| /* confdefs.h */
| #define PACKAGE_NAME ""
| #define PACKAGE_TARNAME ""
| #define PACKAGE_VERSION ""
| #define PACKAGE_STRING ""
| #define PACKAGE_BUGREPORT ""
| #define PACKAGE_URL ""
| #define STDC_HEADERS 1
| #define HAVE_SYS_TYPES_H 1
| #define HAVE_SYS_STAT_H 1
| #define HAVE_STDLIB_H 1
| #define HAVE_STRING_H 1
| #define HAVE_MEMORY_H 1
| #define HAVE_STRINGS_H 1
| #define HAVE_INTTYPES_H 1
| #define HAVE_STDINT_H 1
| #define HAVE_UNISTD_H 1
| #define __EXTENSIONS__ 1
| #define _ALL_SOURCE 1
| #define _GNU_SOURCE 1
| #define _POSIX_PTHREAD_SEMANTICS 1
| #define _TANDEM_SOURCE 1
| #define HAVE_CXX11 1
| #define STDC_HEADERS 1
| #define HAVE_SGTTY_H 1
| #define HAVE_TERMIO_H 1
| #define HAVE_TERMIOS_H 1
| #define HAVE_SYS_REG_H 1
| #define HAVE_STRING_H 1
| #define HAVE_SYS_PROCFS_H 1
| #define HAVE_LINUX_ELF_H 1
| #define HAVE_FCNTL_H 1
| #define HAVE_SIGNAL_H 1
| #define HAVE_SYS_FILE_H 1
| #define HAVE_SYS_IOCTL_H 1
| #define HAVE_NETINET_IN_H 1
| #define HAVE_SYS_SOCKET_H 1
| #define HAVE_NETDB_H 1
| #define HAVE_NETINET_TCP_H 1
| #define HAVE_ARPA_INET_H 1
| #define HAVE_FORK 1
| #define HAVE_VFORK 1
| #define HAVE_WORKING_VFORK 1
| #define HAVE_WORKING_FORK 1
| #define HAVE_GETAUXVAL 1
| #define HAVE_PREAD 1
| #define HAVE_PWRITE 1
| #define HAVE_PREAD64 1
| #define HAVE_SETNS 1
| #define STDC_HEADERS 1
| #define HAVE_ALLOCA_H 1
| #define HAVE_ALLOCA 1
| #define HAVE_LANGINFO_CODESET 1
| #define HAVE_LINUX_PERF_EVENT_H 1
| #define HAVE_LOCALE_H 1
| #define HAVE_MEMORY_H 1
| #define HAVE_SIGNAL_H 1
| #define HAVE_SYS_RESOURCE_H 1
| #define HAVE_SYS_SOCKET_H 1
| #define HAVE_SYS_SYSCALL_H 1
| #define HAVE_SYS_UN_H 1
| #define HAVE_SYS_WAIT_H 1
| #define HAVE_THREAD_DB_H 1
| #define HAVE_WAIT_H 1
| #define HAVE_GETRLIMIT 1
| #define HAVE_PIPE 1
| #define HAVE_PIPE2 1
| #define HAVE_SOCKETPAIR 1
| #define HAVE_SIGACTION 1
| #define HAVE_DECL_STRERROR 1
| #define HAVE_DECL_STRSTR 1
| #define HAVE_SIGSETJMP 1
| #define HAVE_SYS_PTRACE_H 1
| #define HAVE_DECL_PTRACE 1
| #define PTRACE_TYPE_RET long
| #define PTRACE_TYPE_ARG1 enum __ptrace_request
| #define PTRACE_TYPE_ARG3 long
| #define PTRACE_TYPE_ARG4 long
| #define HAVE_DLADDR 1
| #define HAVE_LONG_LONG 1
| #define SIZEOF_LONG_LONG 8
| #define HAVE_DECL_BASENAME 1
| #define HAVE_DECL_FFS 1
| #define HAVE_DECL_ASPRINTF 1
| #define HAVE_DECL_VASPRINTF 1
| #define HAVE_DECL_SNPRINTF 1
| #define HAVE_DECL_VSNPRINTF 1
| #define HAVE_DECL_STRTOL 1
| #define HAVE_DECL_STRTOUL 1
| #define HAVE_DECL_STRTOLL 1
| #define HAVE_DECL_STRTOULL 1
| #define HAVE_DECL_STRVERSCMP 1
| #define HAVE_DECL_STRERROR 1
| #define HAVE_DECL_PERROR 1
| #define HAVE_DECL_VASPRINTF 1
| #define HAVE_DECL_VSNPRINTF 1
| #define HAVE_STRUCT_STAT_ST_BLOCKS 1
| #define HAVE_STRUCT_STAT_ST_BLKSIZE 1
| #define HAVE_STRUCT_USER_REGS_STRUCT_FS_BASE 1
| #define HAVE_STRUCT_USER_REGS_STRUCT_GS_BASE 1
| #define HAVE_SOCKLEN_T 1
| #define HAVE_ELF32_AUXV_T 1
| /* end confdefs.h.  */
| #include <elf.h>
| 
| 
| int
| main ()
| {
| if (sizeof ((Elf64_auxv_t)))
| 	    return 0;
|   ;
|   return 0;
| }
configure:7565: result: yes
configure:7669: checking if building for x32
configure:7694: result: no
configure:7762: checking for PTRACE_GETREGS
configure:7778: gcc -c -g -O2  conftest.c >&5
configure:7778: $? = 0
configure:7786: result: yes
configure:7794: checking for PTRACE_GETFPXREGS
configure:7810: gcc -c -g -O2  conftest.c >&5
configure:7810: $? = 0
configure:7818: result: yes
configure:7834: checking for lwpid_t in sys/procfs.h
configure:7854: gcc -c -g -O2  conftest.c >&5
configure:7854: $? = 0
configure:7868: result: yes
configure:7871: checking for psaddr_t in sys/procfs.h
configure:7891: gcc -c -g -O2  conftest.c >&5
configure:7891: $? = 0
configure:7905: result: yes
configure:7908: checking for prgregset_t in sys/procfs.h
configure:7928: gcc -c -g -O2  conftest.c >&5
configure:7928: $? = 0
configure:7942: result: yes
configure:7945: checking for prfpregset_t in sys/procfs.h
configure:7965: gcc -c -g -O2  conftest.c >&5
configure:7965: $? = 0
configure:7979: result: yes
configure:7982: checking for elf_fpregset_t in sys/procfs.h
configure:8002: gcc -c -g -O2  conftest.c >&5
configure:8002: $? = 0
configure:8016: result: yes
configure:8096: checking for dlopen in -ldl
configure:8121: gcc -o conftest -g -O2   conftest.c -ldl   >&5
configure:8121: $? = 0
configure:8130: result: yes
configure:8149: checking for the dynamic export flag
configure:8167: gcc -o conftest -g -O2   -Wl,--dynamic-list=./proc-service.list conftest.c  >&5
configure:8167: $? = 0
configure:8197: result: -Wl,--dynamic-list
configure:8207: checking for TD_VERSION
configure:8223: gcc -c -g -O2  conftest.c >&5
configure:8223: $? = 0
configure:8230: result: yes
configure:8270: checking whether the target supports __sync_*_compare_and_swap
configure:8287: gcc -o conftest -g -O2   conftest.c  >&5
configure:8287: $? = 0
configure:8295: result: yes
configure:8316: gcc -c -g -O2 -fvisibility=hidden  conftest.c >&5
configure:8316: $? = 0
configure:8324: checking whether ADDR_NO_RANDOMIZE is declared
configure:8324: gcc -c -g -O2  conftest.c >&5
configure:8324: $? = 0
configure:8324: result: yes
configure:8382: gcc -o conftest -g -O2   conftest.c  >&5
configure:8382: $? = 0
configure:8382: ./conftest
configure:8382: $? = 0
configure:8556: creating ./config.status

## ---------------------- ##
## Running config.status. ##
## ---------------------- ##

This file was extended by config.status, which was
generated by GNU Autoconf 2.64.  Invocation command line was

  CONFIG_FILES    = 
  CONFIG_HEADERS  = 
  CONFIG_LINKS    = 
  CONFIG_COMMANDS = 
  $ ./config.status 

on ubuntu

config.status:972: creating Makefile
config.status:972: creating config.h
config.status:1152: executing depdir commands

## ---------------- ##
## Cache variables. ##
## ---------------- ##

ac_cv_build=x86_64-pc-linux-gnu
ac_cv_c_compiler_gnu=yes
ac_cv_cxx_compiler_gnu=yes
ac_cv_env_CCC_set=
ac_cv_env_CCC_value=
ac_cv_env_CC_set=
ac_cv_env_CC_value=
ac_cv_env_CFLAGS_set=
ac_cv_env_CFLAGS_value=
ac_cv_env_CPPFLAGS_set=
ac_cv_env_CPPFLAGS_value=
ac_cv_env_CPP_set=
ac_cv_env_CPP_value=
ac_cv_env_CXXFLAGS_set=
ac_cv_env_CXXFLAGS_value=
ac_cv_env_CXX_set=
ac_cv_env_CXX_value=
ac_cv_env_LDFLAGS_set=
ac_cv_env_LDFLAGS_value=
ac_cv_env_LIBS_set=
ac_cv_env_LIBS_value=
ac_cv_env_build_alias_set=
ac_cv_env_build_alias_value=
ac_cv_env_host_alias_set=
ac_cv_env_host_alias_value=
ac_cv_env_target_alias_set=
ac_cv_env_target_alias_value=
ac_cv_func_alloca_works=yes
ac_cv_func_dladdr=yes
ac_cv_func_fdwalk=no
ac_cv_func_fork=yes
ac_cv_func_fork_works=yes
ac_cv_func_getauxval=yes
ac_cv_func_getrlimit=yes
ac_cv_func_pipe2=yes
ac_cv_func_pipe=yes
ac_cv_func_pread64=yes
ac_cv_func_pread=yes
ac_cv_func_pwrite=yes
ac_cv_func_setns=yes
ac_cv_func_sigaction=yes
ac_cv_func_socketpair=yes
ac_cv_func_vfork=yes
ac_cv_func_vfork_works=yes
ac_cv_have_decl_ADDR_NO_RANDOMIZE=yes
ac_cv_have_decl_asprintf=yes
ac_cv_have_decl_basename_char_p_=yes
ac_cv_have_decl_ffs=yes
ac_cv_have_decl_perror=yes
ac_cv_have_decl_ptrace=yes
ac_cv_have_decl_snprintf=yes
ac_cv_have_decl_strerror=yes
ac_cv_have_decl_strstr=yes
ac_cv_have_decl_strtol=yes
ac_cv_have_decl_strtoll=yes
ac_cv_have_decl_strtoul=yes
ac_cv_have_decl_strtoull=yes
ac_cv_have_decl_strverscmp=yes
ac_cv_have_decl_vasprintf=yes
ac_cv_have_decl_vsnprintf=yes
ac_cv_header_arpa_inet_h=yes
ac_cv_header_fcntl_h=yes
ac_cv_header_inttypes_h=yes
ac_cv_header_linux_elf_h=yes
ac_cv_header_linux_perf_event_h=yes
ac_cv_header_locale_h=yes
ac_cv_header_memory_h=yes
ac_cv_header_minix_config_h=no
ac_cv_header_netdb_h=yes
ac_cv_header_netinet_in_h=yes
ac_cv_header_netinet_tcp_h=yes
ac_cv_header_proc_service_h=no
ac_cv_header_ptrace_h=no
ac_cv_header_sgtty_h=yes
ac_cv_header_signal_h=yes
ac_cv_header_stdc=yes
ac_cv_header_stdint_h=yes
ac_cv_header_stdlib_h=yes
ac_cv_header_string_h=yes
ac_cv_header_strings_h=yes
ac_cv_header_sys_file_h=yes
ac_cv_header_sys_ioctl_h=yes
ac_cv_header_sys_procfs_h=yes
ac_cv_header_sys_ptrace_h=yes
ac_cv_header_sys_reg_h=yes
ac_cv_header_sys_resource_h=yes
ac_cv_header_sys_socket_h=yes
ac_cv_header_sys_stat_h=yes
ac_cv_header_sys_syscall_h=yes
ac_cv_header_sys_types_h=yes
ac_cv_header_sys_un_h=yes
ac_cv_header_sys_wait_h=yes
ac_cv_header_termio_h=yes
ac_cv_header_termios_h=yes
ac_cv_header_thread_db_h=yes
ac_cv_header_unistd_h=yes
ac_cv_header_vfork_h=no
ac_cv_header_wait_h=yes
ac_cv_host=x86_64-pc-linux-gnu
ac_cv_lib_dl_dlopen=yes
ac_cv_member_struct_stat_st_blksize=yes
ac_cv_member_struct_stat_st_blocks=yes
ac_cv_member_struct_user_regs_struct_fs_base=yes
ac_cv_member_struct_user_regs_struct_gs_base=yes
ac_cv_objext=o
ac_cv_path_EGREP='/bin/grep -E'
ac_cv_path_GREP=/bin/grep
ac_cv_path_install='/usr/bin/install -c'
ac_cv_prog_CPP='gcc -E'
ac_cv_prog_ac_ct_AR=ar
ac_cv_prog_ac_ct_CC=gcc
ac_cv_prog_ac_ct_CXX=g++
ac_cv_prog_ac_ct_RANLIB=ranlib
ac_cv_prog_cc_c89=
ac_cv_prog_cc_g=yes
ac_cv_prog_cxx_g=yes
ac_cv_safe_to_define___extensions__=yes
ac_cv_sizeof_long_long=8
ac_cv_sys_file_offset_bits=no
ac_cv_sys_largefile_CC=no
ac_cv_target=x86_64-pc-linux-gnu
ac_cv_type_Elf32_auxv_t=yes
ac_cv_type_Elf64_auxv_t=yes
ac_cv_type_long_long=yes
ac_cv_type_pid_t=yes
ac_cv_type_socklen_t=yes
ac_cv_working_alloca_h=yes
am_cv_CC_dependencies_compiler_type=gcc3
am_cv_langinfo_codeset=yes
ax_cv_cxx_compile_cxx11=no
ax_cv_cxx_compile_cxx11__std_gnupp11=yes
bfd_cv_have_sys_procfs_type_elf_fpregset_t=yes
bfd_cv_have_sys_procfs_type_lwpid_t=yes
bfd_cv_have_sys_procfs_type_prfpregset_t=yes
bfd_cv_have_sys_procfs_type_prgregset_t=yes
bfd_cv_have_sys_procfs_type_psaddr_t=yes
gdb_cv_func_ptrace_args='enum __ptrace_request,int,long,long'
gdb_cv_func_ptrace_ret=long
gdb_cv_func_sigsetjmp=yes
gdb_cv_x86_is_x32=no
gdbsrv_cv_have_personality=true
gdbsrv_cv_have_ptrace_getfpxregs=yes
gdbsrv_cv_have_ptrace_getregs=yes
gdbsrv_cv_have_sync_builtins=yes
gdbsrv_cv_have_td_version=yes
gdbsrv_cv_have_visibility_hidden=yes

## ----------------- ##
## Output variables. ##
## ----------------- ##

ALLOCA=''
AR='ar'
CC='gcc'
CCDEPMODE='depmode=gcc3'
CFLAGS='-g -O2'
CPP='gcc -E'
CPPFLAGS=''
CXX='g++'
CXXFLAGS='-g -O2'
CXX_DIALECT='-std=gnu++11'
DEFS='-DHAVE_CONFIG_H'
DEPDIR='.deps'
ECHO_C=''
ECHO_N='-n'
ECHO_T=''
EGREP='/bin/grep -E'
EXEEXT=''
GDBSERVER_DEPFILES='amd64-linux.o amd64-avx-linux.o amd64-avx-avx512-linux.o amd64-avx-mpx-avx512-pku-linux.o amd64-mpx-linux.o amd64-avx-mpx-linux.o x32-linux.o x32-avx-linux.o x32-avx-avx512-linux.o i386-linux.o i386-avx-linux.o i386-avx-avx512-linux.o i386-avx-mpx-avx512-pku-linux.o i386-mpx-linux.o i386-avx-mpx-linux.o i386-mmx-linux.o linux-low.o linux-osdata.o linux-procfs.o linux-ptrace.o linux-waitpid.o linux-personality.o linux-namespaces.o linux-x86-low.o x86-low.o x86-dregs.o i387-fp.o linux-btrace.o x86-linux.o x86-linux-dregs.o amd64-linux-siginfo.o hostio-errno.o thread-db.o proc-service.o posix-strerror.o'
GDBSERVER_LIBS='-ldl'
GNULIB_STDINT_H=''
GREP='/bin/grep'
HAVE_CXX11='1'
INSTALL_DATA='${INSTALL} -m 644'
INSTALL_PROGRAM='${INSTALL}'
INSTALL_SCRIPT='${INSTALL}'
IPA_DEPFILES='amd64-linux-ipa.o amd64-avx-linux-ipa.o amd64-avx-mpx-linux-ipa.o amd64-avx-avx512-linux-ipa.o amd64-avx-mpx-avx512-pku-linux-ipa.o amd64-mpx-linux-ipa.o linux-amd64-ipa.o'
LDFLAGS=''
LIBOBJS=''
LIBS=''
LTLIBOBJS=''
MAINT='#'
MAINTAINER_MODE_FALSE=''
MAINTAINER_MODE_TRUE='#'
OBJEXT='o'
PACKAGE_BUGREPORT=''
PACKAGE_NAME=''
PACKAGE_STRING=''
PACKAGE_TARNAME=''
PACKAGE_URL=''
PACKAGE_VERSION=''
PATH_SEPARATOR=':'
PKGVERSION='(GDB) '
RANLIB='ranlib'
RDYNAMIC='-Wl,--dynamic-list=$(srcdir)/proc-service.list'
REPORT_BUGS_TEXI='@uref{http://www.gnu.org/software/gdb/bugs/}'
REPORT_BUGS_TO='<http://www.gnu.org/software/gdb/bugs/>'
SHELL='/bin/bash'
WARN_CFLAGS=' -Wall -Wpointer-arith -Wno-unused -Wunused-value -Wunused-function -Wno-switch -Wno-char-subscripts -Wempty-body -Wunused-but-set-parameter -Wunused-but-set-variable -Wno-sign-compare -Wno-narrowing -Wformat-nonliteral'
WERROR_CFLAGS=''
ac_ct_CC='gcc'
ac_ct_CXX='g++'
am__leading_dot='.'
bindir='${exec_prefix}/bin'
build='x86_64-pc-linux-gnu'
build_alias=''
build_cpu='x86_64'
build_os='linux-gnu'
build_vendor='pc'
datadir='${datarootdir}'
datarootdir='${prefix}/share'
docdir='${datarootdir}/doc/${PACKAGE}'
dvidir='${docdir}'
exec_prefix='${prefix}'
extra_libraries=' libinproctrace.so'
host='x86_64-pc-linux-gnu'
host_alias=''
host_cpu='x86_64'
host_noncanonical='x86_64-pc-linux-gnu'
host_os='linux-gnu'
host_vendor='pc'
htmldir='${docdir}'
includedir='${prefix}/include'
infodir='${datarootdir}/info'
libdir='${exec_prefix}/lib'
libexecdir='${exec_prefix}/libexec'
localedir='${datarootdir}/locale'
localstatedir='${prefix}/var'
mandir='${datarootdir}/man'
oldincludedir='/usr/include'
pdfdir='${docdir}'
prefix='/usr/local'
program_transform_name='s,x,x,'
psdir='${docdir}'
sbindir='${exec_prefix}/sbin'
sharedstatedir='${prefix}/com'
srv_xmlbuiltin='xml-builtin.o'
srv_xmlfiles=' $(XML_DIR)/i386/i386-linux.xml $(XML_DIR)/i386/i386-avx-linux.xml $(XML_DIR)/i386/i386-avx-avx512-linux.xml $(XML_DIR)/i386/i386-avx-mpx-avx512-pku-linux.xml $(XML_DIR)/i386/i386-mmx-linux.xml $(XML_DIR)/i386/32bit-linux.xml $(XML_DIR)/i386/i386-mpx-linux.xml $(XML_DIR)/i386/i386-avx-mpx-linux.xml $(XML_DIR)/i386/32bit-core.xml $(XML_DIR)/i386/32bit-sse.xml $(XML_DIR)/i386/32bit-avx.xml $(XML_DIR)/i386/32bit-avx512.xml $(XML_DIR)/i386/32bit-mpx.xml $(XML_DIR)/i386/32bit-pkeys.xml $(XML_DIR)/i386/amd64-linux.xml $(XML_DIR)/i386/amd64-avx-linux.xml $(XML_DIR)/i386/amd64-avx-avx512.xml $(XML_DIR)/i386/amd64-avx-mpx-avx512-pku-linux.xml $(XML_DIR)/i386/64bit-linux.xml $(XML_DIR)/i386/amd64-mpx-linux.xml $(XML_DIR)/i386/amd64-avx-mpx-linux.xml $(XML_DIR)/i386/x32-linux.xml $(XML_DIR)/i386/x32-avx-linux.xml $(XML_DIR)/i386/x32-avx-avx512-linux.xml $(XML_DIR)/i386/64bit-core.xml $(XML_DIR)/i386/64bit-segments.xml $(XML_DIR)/i386/64bit-sse.xml $(XML_DIR)/i386/64bit-avx.xml $(XML_DIR)/i386/64bit-avx512.xml $(XML_DIR)/i386/x32-core.xml $(XML_DIR)/i386/64bit-mpx.xml $(XML_DIR)/i386/64bit-pkeys.xml'
sysconfdir='${prefix}/etc'
target='x86_64-pc-linux-gnu'
target_alias=''
target_cpu='x86_64'
target_noncanonical='x86_64-pc-linux-gnu'
target_os='linux-gnu'
target_vendor='pc'
ustinc=''
ustlibs=''

## ----------- ##
## confdefs.h. ##
## ----------- ##

/* confdefs.h */
#define PACKAGE_NAME ""
#define PACKAGE_TARNAME ""
#define PACKAGE_VERSION ""
#define PACKAGE_STRING ""
#define PACKAGE_BUGREPORT ""
#define PACKAGE_URL ""
#define STDC_HEADERS 1
#define HAVE_SYS_TYPES_H 1
#define HAVE_SYS_STAT_H 1
#define HAVE_STDLIB_H 1
#define HAVE_STRING_H 1
#define HAVE_MEMORY_H 1
#define HAVE_STRINGS_H 1
#define HAVE_INTTYPES_H 1
#define HAVE_STDINT_H 1
#define HAVE_UNISTD_H 1
#define __EXTENSIONS__ 1
#define _ALL_SOURCE 1
#define _GNU_SOURCE 1
#define _POSIX_PTHREAD_SEMANTICS 1
#define _TANDEM_SOURCE 1
#define HAVE_CXX11 1
#define STDC_HEADERS 1
#define HAVE_SGTTY_H 1
#define HAVE_TERMIO_H 1
#define HAVE_TERMIOS_H 1
#define HAVE_SYS_REG_H 1
#define HAVE_STRING_H 1
#define HAVE_SYS_PROCFS_H 1
#define HAVE_LINUX_ELF_H 1
#define HAVE_FCNTL_H 1
#define HAVE_SIGNAL_H 1
#define HAVE_SYS_FILE_H 1
#define HAVE_SYS_IOCTL_H 1
#define HAVE_NETINET_IN_H 1
#define HAVE_SYS_SOCKET_H 1
#define HAVE_NETDB_H 1
#define HAVE_NETINET_TCP_H 1
#define HAVE_ARPA_INET_H 1
#define HAVE_FORK 1
#define HAVE_VFORK 1
#define HAVE_WORKING_VFORK 1
#define HAVE_WORKING_FORK 1
#define HAVE_GETAUXVAL 1
#define HAVE_PREAD 1
#define HAVE_PWRITE 1
#define HAVE_PREAD64 1
#define HAVE_SETNS 1
#define STDC_HEADERS 1
#define HAVE_ALLOCA_H 1
#define HAVE_ALLOCA 1
#define HAVE_LANGINFO_CODESET 1
#define HAVE_LINUX_PERF_EVENT_H 1
#define HAVE_LOCALE_H 1
#define HAVE_MEMORY_H 1
#define HAVE_SIGNAL_H 1
#define HAVE_SYS_RESOURCE_H 1
#define HAVE_SYS_SOCKET_H 1
#define HAVE_SYS_SYSCALL_H 1
#define HAVE_SYS_UN_H 1
#define HAVE_SYS_WAIT_H 1
#define HAVE_THREAD_DB_H 1
#define HAVE_WAIT_H 1
#define HAVE_GETRLIMIT 1
#define HAVE_PIPE 1
#define HAVE_PIPE2 1
#define HAVE_SOCKETPAIR 1
#define HAVE_SIGACTION 1
#define HAVE_DECL_STRERROR 1
#define HAVE_DECL_STRSTR 1
#define HAVE_SIGSETJMP 1
#define HAVE_SYS_PTRACE_H 1
#define HAVE_DECL_PTRACE 1
#define PTRACE_TYPE_RET long
#define PTRACE_TYPE_ARG1 enum __ptrace_request
#define PTRACE_TYPE_ARG3 long
#define PTRACE_TYPE_ARG4 long
#define HAVE_DLADDR 1
#define HAVE_LONG_LONG 1
#define SIZEOF_LONG_LONG 8
#define HAVE_DECL_BASENAME 1
#define HAVE_DECL_FFS 1
#define HAVE_DECL_ASPRINTF 1
#define HAVE_DECL_VASPRINTF 1
#define HAVE_DECL_SNPRINTF 1
#define HAVE_DECL_VSNPRINTF 1
#define HAVE_DECL_STRTOL 1
#define HAVE_DECL_STRTOUL 1
#define HAVE_DECL_STRTOLL 1
#define HAVE_DECL_STRTOULL 1
#define HAVE_DECL_STRVERSCMP 1
#define HAVE_DECL_STRERROR 1
#define HAVE_DECL_PERROR 1
#define HAVE_DECL_VASPRINTF 1
#define HAVE_DECL_VSNPRINTF 1
#define HAVE_STRUCT_STAT_ST_BLOCKS 1
#define HAVE_STRUCT_STAT_ST_BLKSIZE 1
#define HAVE_STRUCT_USER_REGS_STRUCT_FS_BASE 1
#define HAVE_STRUCT_USER_REGS_STRUCT_GS_BASE 1
#define HAVE_SOCKLEN_T 1
#define HAVE_ELF32_AUXV_T 1
#define HAVE_ELF64_AUXV_T 1
#define PKGVERSION "(GDB) "
#define REPORT_BUGS_TO "<http://www.gnu.org/software/gdb/bugs/>"
#define HAVE_LINUX_USRREGS 1
#define HAVE_LINUX_REGSETS 1
#define HAVE_PTRACE_GETREGS 1
#define HAVE_PTRACE_GETFPXREGS 1
#define HAVE_LINUX_BTRACE 1
#define HAVE_LWPID_T 1
#define HAVE_PSADDR_T 1
#define HAVE_PRGREGSET_T 1
#define HAVE_PRFPREGSET_T 1
#define HAVE_ELF_FPREGSET_T 1
#define HAVE_LIBDL 1
#define USE_THREAD_DB 1
#define HAVE_TD_VERSION 1
#define USE_XML 1
#define HAVE_SYNC_BUILTINS 1
#define HAVE_DECL_ADDR_NO_RANDOMIZE 1
#define HAVE_PERSONALITY 1

configure: exit 0

## ---------------------- ##
## Running config.status. ##
## ---------------------- ##

This file was extended by config.status, which was
generated by GNU Autoconf 2.64.  Invocation command line was

  CONFIG_FILES    = 
  CONFIG_HEADERS  = config.h:config.in
  CONFIG_LINKS    = 
  CONFIG_COMMANDS = 
  $ ./config.status 

on ubuntu

config.status:972: creating config.h
config.status:1138: config.h is unchanged
config.status:1152: executing depdir commands
